#options: 1520x2700 fps=30000/1001 timebase=1001/30000 bitdepth=8 cabac=1 ref=1 deblock=1:0:0 analyse=0x1:0 me=dia subme=2 psy=1 psy_rd=1.00:0.00 mixed_ref=0 me_range=16 chroma_me=1 trellis=0 8x8dct=0 cqm=0 deadzone=21,11 fast_pskip=1 chroma_qp_offset=0 threads=18 lookahead_threads=6 sliced_threads=0 nr=0 decimate=1 interlaced=0 bluray_compat=0 constrained_intra=0 bframes=3 b_pyramid=2 b_adapt=1 b_bias=0 direct=3 weightb=1 open_gop=0 weightp=2 keyint=250 keyint_min=25 scenecut=40 intra_refresh=0 rc_lookahead=50 rc=abr mbtree=1 bitrate=13700 ratetol=1.0 qcomp=0.60 qpmin=0 qpmax=69 qpstep=4 ip_ratio=1.40 aq=1:1.00
in:0 out:0 type:I dur:2 cpbdur:2 q:19.77 aq:11.98 tex:3506614 mv:599586 misc:768 imb:16055 pmb:0 smb:0 d:- ref:;
in:4 out:1 type:P dur:2 cpbdur:2 q:22.40 aq:14.59 tex:1634798 mv:78570 misc:2480 imb:2392 pmb:13320 smb:343 d:- ref:0 ;
in:2 out:2 type:B dur:2 cpbdur:2 q:22.40 aq:17.63 tex:288137 mv:68386 misc:12677 imb:592 pmb:11597 smb:3866 d:s ref:0 ;
in:1 out:3 type:b dur:2 cpbdur:2 q:22.40 aq:18.71 tex:133810 mv:56628 misc:15122 imb:438 pmb:9730 smb:5887 d:s ref:0 ;
in:3 out:4 type:b dur:2 cpbdur:2 q:22.40 aq:18.57 tex:104082 mv:35898 misc:15748 imb:307 pmb:7022 smb:8726 d:- ref:0 ;
in:8 out:5 type:P dur:2 cpbdur:2 q:22.73 aq:14.77 tex:1401537 mv:76649 misc:3318 imb:2189 pmb:13235 smb:631 d:- ref:0 ;
in:6 out:6 type:B dur:2 cpbdur:2 q:22.57 aq:17.78 tex:265410 mv:69028 misc:12570 imb:470 pmb:11859 smb:3726 d:s ref:0 ;
in:5 out:7 type:b dur:2 cpbdur:2 q:22.48 aq:18.94 tex:123697 mv:59673 misc:14702 imb:325 pmb:10406 smb:5324 d:s ref:0 ;
in:7 out:8 type:b dur:2 cpbdur:2 q:22.65 aq:18.83 tex:94453 mv:34968 misc:15843 imb:286 pmb:7322 smb:8447 d:- ref:0 ;
in:12 out:9 type:P dur:2 cpbdur:2 q:23.00 aq:15.02 tex:1328420 mv:75242 misc:3922 imb:1868 pmb:13266 smb:921 d:- ref:0 ;
in:10 out:10 type:B dur:2 cpbdur:2 q:22.87 aq:17.92 tex:226592 mv:63646 misc:14058 imb:480 pmb:10702 smb:4873 d:s ref:0 ;
in:9 out:11 type:b dur:2 cpbdur:2 q:22.80 aq:19.08 tex:97575 mv:52096 misc:15777 imb:322 pmb:8712 smb:7021 d:s ref:0 ;
in:11 out:12 type:b dur:2 cpbdur:2 q:22.93 aq:19.17 tex:91567 mv:34794 misc:15943 imb:276 pmb:7279 smb:8500 d:- ref:0 ;
in:16 out:13 type:P dur:2 cpbdur:2 q:23.23 aq:15.28 tex:1252719 mv:74860 misc:4109 imb:1882 pmb:13279 smb:894 d:- ref:0 ;
in:14 out:14 type:B dur:2 cpbdur:2 q:23.11 aq:18.20 tex:204475 mv:60298 misc:14715 imb:475 pmb:10203 smb:5377 d:s ref:0 ;
in:13 out:15 type:b dur:2 cpbdur:2 q:23.05 aq:19.24 tex:91417 mv:49265 misc:15934 imb:269 pmb:8400 smb:7386 d:s ref:0 ;
in:15 out:16 type:b dur:2 cpbdur:2 q:23.17 aq:19.27 tex:82487 mv:30954 misc:15823 imb:274 pmb:6737 smb:9044 d:- ref:0 ;
in:20 out:17 type:P dur:2 cpbdur:2 q:23.44 aq:15.50 tex:1193090 mv:73348 misc:4450 imb:1835 pmb:13128 smb:1092 d:- ref:0 ;
in:18 out:18 type:B dur:2 cpbdur:2 q:23.34 aq:18.36 tex:193817 mv:63112 misc:14663 imb:470 pmb:10229 smb:5356 d:s ref:0 ;
in:17 out:19 type:b dur:2 cpbdur:2 q:23.28 aq:19.33 tex:80673 mv:46494 misc:15801 imb:290 pmb:7996 smb:7769 d:s ref:0 ;
in:19 out:20 type:b dur:2 cpbdur:2 q:23.39 aq:19.51 tex:75910 mv:32273 misc:15713 imb:237 pmb:6521 smb:9297 d:- ref:0 ;
in:24 out:21 type:P dur:2 cpbdur:2 q:31.44 aq:22.96 tex:82518 mv:24355 misc:13631 imb:601 pmb:4458 smb:10996 d:s ref:0 ;
in:22 out:22 type:B dur:2 cpbdur:2 q:27.44 aq:21.63 tex:44625 mv:25233 misc:14006 imb:356 pmb:4434 smb:11265 d:t ref:0 ;
in:21 out:23 type:b dur:2 cpbdur:2 q:25.44 aq:20.97 tex:41655 mv:23025 misc:14048 imb:255 pmb:4481 smb:11319 d:s ref:0 ;
in:23 out:24 type:b dur:2 cpbdur:2 q:29.44 aq:24.18 tex:8381 mv:7597 misc:7302 imb:89 pmb:1561 smb:14405 d:- ref:0 ;
in:28 out:25 type:P dur:2 cpbdur:2 q:30.14 aq:21.90 tex:209037 mv:40326 misc:14173 imb:834 pmb:7633 smb:7588 d:s ref:0 ;
in:26 out:26 type:B dur:2 cpbdur:2 q:30.79 aq:24.01 tex:11689 mv:12791 misc:9176 imb:124 pmb:2151 smb:13780 d:t ref:0 ;
in:25 out:27 type:b dur:2 cpbdur:2 q:31.11 aq:25.65 tex:5539 mv:5806 misc:5463 imb:66 pmb:1157 smb:14832 d:s ref:0 ;
in:27 out:28 type:b dur:2 cpbdur:2 q:30.46 aq:24.35 tex:6686 mv:6426 misc:6240 imb:70 pmb:1317 smb:14668 d:- ref:0 ;
in:32 out:29 type:P dur:2 cpbdur:2 q:28.58 aq:20.28 tex:396451 mv:58052 misc:11377 imb:1470 pmb:10789 smb:3796 d:s ref:0 ;
in:30 out:30 type:B dur:2 cpbdur:2 q:29.36 aq:23.38 tex:25572 mv:17535 misc:11693 imb:273 pmb:3024 smb:12758 d:t ref:0 ;
in:29 out:31 type:b dur:2 cpbdur:2 q:29.75 aq:23.55 tex:8095 mv:7767 misc:7082 imb:100 pmb:1484 smb:14471 d:s ref:0 ;
in:31 out:32 type:b dur:2 cpbdur:2 q:28.97 aq:23.40 tex:11343 mv:9750 misc:8315 imb:131 pmb:1847 smb:14077 d:- ref:0 ;
in:36 out:33 type:P dur:2 cpbdur:2 q:27.42 aq:19.27 tex:541596 mv:62477 misc:8887 imb:1413 pmb:11979 smb:2663 d:s ref:0 ;
in:34 out:34 type:B dur:2 cpbdur:2 q:28.00 aq:21.84 tex:34405 mv:23409 misc:13306 imb:193 pmb:4137 smb:11725 d:t ref:0 ;
in:33 out:35 type:b dur:2 cpbdur:2 q:28.29 aq:22.98 tex:13191 mv:9998 misc:8923 imb:99 pmb:2081 smb:13875 d:s ref:0 ;
in:35 out:36 type:b dur:2 cpbdur:2 q:27.71 aq:22.37 tex:16020 mv:11627 misc:10065 imb:112 pmb:2472 smb:13471 d:- ref:0 ;
in:40 out:37 type:P dur:2 cpbdur:2 q:26.48 aq:18.42 tex:674302 mv:63930 misc:7424 imb:1430 pmb:12507 smb:2118 d:s ref:0 ;
in:38 out:38 type:B dur:2 cpbdur:2 q:26.95 aq:21.27 tex:51609 mv:27079 misc:14352 imb:264 pmb:5030 smb:10761 d:t ref:0 ;
in:37 out:39 type:b dur:2 cpbdur:2 q:27.18 aq:22.05 tex:19286 mv:13252 misc:10790 imb:118 pmb:2786 smb:13151 d:s ref:0 ;
in:39 out:40 type:b dur:2 cpbdur:2 q:26.72 aq:21.76 tex:23810 mv:14923 misc:11891 imb:121 pmb:3288 smb:12646 d:- ref:0 ;
in:44 out:41 type:P dur:2 cpbdur:2 q:24.98 aq:17.00 tex:963535 mv:69925 misc:5060 imb:1658 pmb:13093 smb:1304 d:s ref:0 ;
in:42 out:42 type:B dur:2 cpbdur:2 q:25.73 aq:20.39 tex:83482 mv:35824 misc:15654 imb:296 pmb:6874 smb:8885 d:t ref:0 ;
in:41 out:43 type:b dur:2 cpbdur:2 q:26.11 aq:21.27 tex:30913 mv:18556 misc:12843 imb:167 pmb:3882 smb:12006 d:s ref:0 ;
in:43 out:44 type:b dur:2 cpbdur:2 q:25.36 aq:20.82 tex:40184 mv:21458 misc:13766 imb:200 pmb:4554 smb:11301 d:- ref:0 ;
in:48 out:45 type:P dur:2 cpbdur:2 q:23.87 aq:15.92 tex:1162222 mv:73677 misc:4285 imb:1753 pmb:13294 smb:1008 d:s ref:0 ;
in:46 out:46 type:B dur:2 cpbdur:2 q:24.43 aq:19.32 tex:128491 mv:45485 misc:15704 imb:325 pmb:8664 smb:7066 d:s ref:0 ;
in:45 out:47 type:b dur:2 cpbdur:2 q:24.70 aq:20.48 tex:51384 mv:25674 misc:14718 imb:231 pmb:5332 smb:10492 d:s ref:0 ;
in:47 out:48 type:b dur:2 cpbdur:2 q:24.15 aq:19.88 tex:54339 mv:26691 misc:14770 imb:230 pmb:5331 smb:10494 d:- ref:0 ;
in:52 out:49 type:P dur:2 cpbdur:2 q:23.12 aq:15.28 tex:1348376 mv:75960 misc:3960 imb:1819 pmb:13294 smb:942 d:s ref:0 ;
in:50 out:50 type:B dur:2 cpbdur:2 q:23.49 aq:18.53 tex:198407 mv:52710 misc:14891 imb:429 pmb:10079 smb:5547 d:s ref:0 ;
in:49 out:51 type:b dur:2 cpbdur:2 q:23.68 aq:19.65 tex:71030 mv:32116 misc:15446 imb:239 pmb:6257 smb:9559 d:s ref:0 ;
in:51 out:52 type:b dur:2 cpbdur:2 q:23.30 aq:19.33 tex:79013 mv:33557 misc:15742 imb:259 pmb:6665 smb:9131 d:- ref:0 ;
in:56 out:53 type:P dur:2 cpbdur:2 q:22.61 aq:14.92 tex:1421494 mv:76711 misc:3595 imb:1861 pmb:13410 smb:784 d:s ref:0 ;
in:54 out:54 type:B dur:2 cpbdur:2 q:22.86 aq:17.84 tex:233457 mv:59476 misc:14099 imb:489 pmb:10707 smb:4859 d:s ref:0 ;
in:53 out:55 type:b dur:2 cpbdur:2 q:22.99 aq:19.19 tex:86219 mv:36002 misc:15867 imb:243 pmb:7068 smb:8744 d:s ref:0 ;
in:55 out:56 type:b dur:2 cpbdur:2 q:22.74 aq:18.91 tex:90240 mv:36900 misc:15908 imb:268 pmb:7316 smb:8471 d:- ref:0 ;
in:60 out:57 type:P dur:2 cpbdur:2 q:22.28 aq:14.47 tex:1919119 mv:86475 misc:2358 imb:3013 pmb:12756 smb:286 d:s ref:0 ;
in:58 out:58 type:B dur:2 cpbdur:2 q:22.44 aq:17.45 tex:352943 mv:65822 misc:11603 imb:644 pmb:12345 smb:3066 d:s ref:0 ;
in:57 out:59 type:b dur:2 cpbdur:2 q:22.52 aq:18.80 tex:107036 mv:39801 misc:15963 imb:289 pmb:7804 smb:7962 d:s ref:0 ;
in:59 out:60 type:b dur:2 cpbdur:2 q:22.36 aq:18.74 tex:151534 mv:48119 misc:15491 imb:427 pmb:9344 smb:6284 d:- ref:0 ;
in:64 out:61 type:P dur:2 cpbdur:2 q:22.30 aq:14.35 tex:1639846 mv:81490 misc:3184 imb:2264 pmb:13228 smb:563 d:s ref:0 ;
in:62 out:62 type:B dur:2 cpbdur:2 q:22.29 aq:17.47 tex:299104 mv:64437 misc:12683 imb:604 pmb:11669 smb:3782 d:s ref:0 ;
in:61 out:63 type:b dur:2 cpbdur:2 q:22.28 aq:18.55 tex:129598 mv:46223 misc:15707 imb:380 pmb:8647 smb:7028 d:s ref:0 ;
in:63 out:64 type:b dur:2 cpbdur:2 q:22.29 aq:18.62 tex:117229 mv:40533 misc:16046 imb:303 pmb:8246 smb:7506 d:- ref:0 ;
in:68 out:65 type:P dur:2 cpbdur:2 q:22.45 aq:14.53 tex:1545918 mv:79537 misc:3529 imb:1999 pmb:13285 smb:771 d:s ref:0 ;
in:66 out:66 type:B dur:2 cpbdur:2 q:22.37 aq:17.59 tex:281588 mv:61157 misc:13167 imb:504 pmb:11362 smb:4189 d:s ref:0 ;
in:65 out:67 type:b dur:2 cpbdur:2 q:22.33 aq:18.60 tex:114980 mv:43521 misc:15979 imb:306 pmb:8070 smb:7679 d:s ref:0 ;
in:67 out:68 type:b dur:2 cpbdur:2 q:22.41 aq:18.66 tex:105900 mv:39547 misc:16033 imb:265 pmb:7751 smb:8039 d:- ref:0 ;
in:72 out:69 type:P dur:2 cpbdur:2 q:22.69 aq:14.71 tex:1482668 mv:79275 misc:3225 imb:2088 pmb:13371 smb:596 d:s ref:0 ;
in:70 out:70 type:B dur:2 cpbdur:2 q:22.57 aq:17.77 tex:267231 mv:60703 misc:13402 imb:501 pmb:11179 smb:4375 d:s ref:0 ;
in:69 out:71 type:b dur:2 cpbdur:2 q:22.51 aq:18.85 tex:109559 mv:41162 misc:16135 imb:290 pmb:7862 smb:7903 d:s ref:0 ;
in:71 out:72 type:b dur:2 cpbdur:2 q:22.63 aq:18.95 tex:101760 mv:38390 misc:15986 imb:289 pmb:7690 smb:8076 d:- ref:0 ;
in:76 out:73 type:P dur:2 cpbdur:2 q:22.92 aq:14.92 tex:1369313 mv:77761 misc:3918 imb:1916 pmb:13253 smb:886 d:s ref:0 ;
in:74 out:74 type:B dur:2 cpbdur:2 q:22.81 aq:17.90 tex:231994 mv:59334 misc:14112 imb:518 pmb:10629 smb:4908 d:s ref:0 ;
in:73 out:75 type:b dur:2 cpbdur:2 q:22.75 aq:19.05 tex:99914 mv:38223 misc:15951 imb:262 pmb:7491 smb:8302 d:s ref:0 ;
in:75 out:76 type:b dur:2 cpbdur:2 q:22.87 aq:19.06 tex:82525 mv:34235 misc:15736 imb:243 pmb:6806 smb:9006 d:- ref:0 ;
in:80 out:77 type:P dur:2 cpbdur:2 q:23.35 aq:15.36 tex:1273287 mv:74453 misc:4228 imb:1832 pmb:13207 smb:1016 d:s ref:0 ;
in:78 out:78 type:B dur:2 cpbdur:2 q:23.14 aq:18.27 tex:222375 mv:53232 misc:14585 imb:437 pmb:10328 smb:5290 d:s ref:0 ;
in:77 out:79 type:b dur:2 cpbdur:2 q:23.03 aq:19.25 tex:86031 mv:35378 misc:15799 imb:252 pmb:6951 smb:8852 d:s ref:0 ;
in:79 out:80 type:b dur:2 cpbdur:2 q:23.25 aq:19.44 tex:82119 mv:32821 misc:15732 imb:245 pmb:6731 smb:9079 d:- ref:0 ;
in:84 out:81 type:P dur:2 cpbdur:2 q:23.60 aq:15.63 tex:1172499 mv:74573 misc:4472 imb:1834 pmb:13116 smb:1105 d:s ref:0 ;
in:82 out:82 type:B dur:2 cpbdur:2 q:23.48 aq:18.52 tex:192772 mv:53082 misc:15058 imb:437 pmb:9791 smb:5827 d:s ref:0 ;
in:81 out:83 type:b dur:2 cpbdur:2 q:23.42 aq:19.54 tex:77396 mv:33189 misc:15815 imb:251 pmb:6484 smb:9320 d:s ref:0 ;
in:83 out:84 type:b dur:2 cpbdur:2 q:23.54 aq:19.49 tex:63658 mv:30165 misc:15161 imb:267 pmb:5750 smb:10038 d:- ref:0 ;
in:88 out:85 type:P dur:2 cpbdur:2 q:23.75 aq:16.02 tex:1178721 mv:72157 misc:4666 imb:1729 pmb:13029 smb:1297 d:s ref:0 ;
in:86 out:86 type:B dur:2 cpbdur:2 q:23.67 aq:18.70 tex:176686 mv:50214 misc:15388 imb:371 pmb:9455 smb:6229 d:t ref:0 ;
in:85 out:87 type:b dur:2 cpbdur:2 q:23.64 aq:19.58 tex:64724 mv:31053 misc:15431 imb:246 pmb:5987 smb:9822 d:s ref:0 ;
in:87 out:88 type:b dur:2 cpbdur:2 q:23.71 aq:19.85 tex:70748 mv:30620 misc:15472 imb:234 pmb:6185 smb:9636 d:- ref:0 ;
in:92 out:89 type:P dur:2 cpbdur:2 q:23.84 aq:15.80 tex:1259985 mv:75885 misc:3466 imb:2225 pmb:13201 smb:629 d:s ref:0 ;
in:90 out:90 type:B dur:2 cpbdur:2 q:23.79 aq:19.15 tex:250039 mv:55928 misc:13649 imb:727 pmb:10667 smb:4661 d:t ref:0 ;
in:89 out:91 type:b dur:2 cpbdur:2 q:23.77 aq:19.73 tex:76624 mv:36278 misc:15530 imb:352 pmb:6573 smb:9130 d:s ref:0 ;
in:91 out:92 type:b dur:2 cpbdur:2 q:23.82 aq:19.67 tex:69821 mv:31969 misc:15426 imb:307 pmb:6249 smb:9499 d:- ref:0 ;
in:96 out:93 type:P dur:2 cpbdur:2 q:23.88 aq:15.89 tex:1207964 mv:73303 misc:4373 imb:1786 pmb:13279 smb:990 d:s ref:0 ;
in:94 out:94 type:B dur:2 cpbdur:2 q:23.86 aq:18.87 tex:171238 mv:49130 misc:15224 imb:403 pmb:9460 smb:6192 d:s ref:0 ;
in:93 out:95 type:b dur:2 cpbdur:2 q:23.85 aq:19.78 tex:64758 mv:29527 misc:15283 imb:269 pmb:5813 smb:9973 d:s ref:0 ;
in:95 out:96 type:b dur:2 cpbdur:2 q:23.87 aq:19.83 tex:60658 mv:27721 misc:15189 imb:237 pmb:5740 smb:10078 d:- ref:0 ;
in:100 out:97 type:P dur:2 cpbdur:2 q:23.87 aq:15.80 tex:1140895 mv:72973 misc:4508 imb:1725 pmb:13251 smb:1079 d:s ref:0 ;
in:98 out:98 type:B dur:2 cpbdur:2 q:23.87 aq:18.85 tex:153933 mv:46621 misc:15750 imb:419 pmb:8801 smb:6835 d:s ref:0 ;
in:97 out:99 type:b dur:2 cpbdur:2 q:23.88 aq:19.79 tex:64927 mv:29731 misc:15310 imb:262 pmb:5930 smb:9863 d:s ref:0 ;
in:99 out:100 type:b dur:2 cpbdur:2 q:23.87 aq:19.86 tex:61228 mv:28640 misc:15244 imb:217 pmb:5784 smb:10054 d:- ref:0 ;
in:104 out:101 type:P dur:2 cpbdur:2 q:23.81 aq:15.86 tex:1131650 mv:72216 misc:4414 imb:1727 pmb:13264 smb:1064 d:s ref:0 ;
in:102 out:102 type:B dur:2 cpbdur:2 q:23.84 aq:18.72 tex:149374 mv:45663 misc:15819 imb:412 pmb:8732 smb:6911 d:t ref:0 ;
in:101 out:103 type:b dur:2 cpbdur:2 q:23.85 aq:19.64 tex:56687 mv:27141 misc:14820 imb:236 pmb:5291 smb:10528 d:s ref:0 ;
in:103 out:104 type:b dur:2 cpbdur:2 q:23.82 aq:19.69 tex:61937 mv:28189 misc:15202 imb:232 pmb:5844 smb:9979 d:- ref:0 ;
in:108 out:105 type:P dur:2 cpbdur:2 q:23.74 aq:15.84 tex:1151821 mv:73232 misc:4299 imb:1819 pmb:13319 smb:917 d:s ref:0 ;
in:106 out:106 type:B dur:2 cpbdur:2 q:23.77 aq:18.72 tex:171218 mv:49365 misc:15249 imb:448 pmb:9479 smb:6128 d:t ref:0 ;
in:105 out:107 type:b dur:2 cpbdur:2 q:23.79 aq:19.72 tex:68984 mv:29996 misc:15588 imb:251 pmb:6135 smb:9669 d:s ref:0 ;
in:107 out:108 type:b dur:2 cpbdur:2 q:23.76 aq:19.65 tex:63113 mv:28855 misc:15280 imb:227 pmb:5871 smb:9957 d:- ref:0 ;
in:112 out:109 type:P dur:2 cpbdur:2 q:23.75 aq:15.78 tex:1128987 mv:75083 misc:4426 imb:1842 pmb:13202 smb:1011 d:s ref:0 ;
in:110 out:110 type:B dur:2 cpbdur:2 q:23.74 aq:18.74 tex:171899 mv:52359 misc:15398 imb:427 pmb:9609 smb:6019 d:s ref:0 ;
in:109 out:111 type:b dur:2 cpbdur:2 q:23.74 aq:19.69 tex:69559 mv:31378 misc:15639 imb:276 pmb:6220 smb:9559 d:s ref:0 ;
in:111 out:112 type:b dur:2 cpbdur:2 q:23.75 aq:19.67 tex:60568 mv:28695 misc:15089 imb:262 pmb:5527 smb:10266 d:- ref:0 ;
in:116 out:113 type:P dur:2 cpbdur:2 q:23.71 aq:15.95 tex:1113899 mv:72626 misc:4523 imb:1667 pmb:13262 smb:1126 d:s ref:0 ;
in:114 out:114 type:B dur:2 cpbdur:2 q:23.73 aq:18.69 tex:165930 mv:48043 misc:15443 imb:369 pmb:9346 smb:6340 d:s ref:0 ;
in:113 out:115 type:b dur:2 cpbdur:2 q:23.74 aq:19.63 tex:61110 mv:29401 misc:15217 imb:221 pmb:5758 smb:10076 d:s ref:0 ;
in:115 out:116 type:b dur:2 cpbdur:2 q:23.72 aq:19.67 tex:67305 mv:29034 misc:15413 imb:218 pmb:6054 smb:9783 d:- ref:0 ;
in:120 out:117 type:P dur:2 cpbdur:2 q:23.65 aq:15.80 tex:1508567 mv:81253 misc:2868 imb:2808 pmb:12821 smb:426 d:s ref:0 ;
in:118 out:118 type:B dur:2 cpbdur:2 q:23.68 aq:18.47 tex:216768 mv:55589 misc:14499 imb:554 pmb:10471 smb:5030 d:s ref:0 ;
in:117 out:119 type:b dur:2 cpbdur:2 q:23.69 aq:19.68 tex:71477 mv:30195 misc:15432 imb:260 pmb:6104 smb:9691 d:s ref:0 ;
in:119 out:120 type:b dur:2 cpbdur:2 q:23.66 aq:19.64 tex:87841 mv:37308 misc:15787 imb:399 pmb:7248 smb:8408 d:- ref:0 ;
in:124 out:121 type:P dur:2 cpbdur:2 q:23.63 aq:15.63 tex:1225641 mv:75526 misc:3793 imb:2005 pmb:13279 smb:771 d:s ref:0 ;
in:122 out:122 type:B dur:2 cpbdur:2 q:23.64 aq:18.55 tex:185743 mv:50741 misc:15044 imb:508 pmb:9731 smb:5816 d:s ref:0 ;
in:121 out:123 type:b dur:2 cpbdur:2 q:23.64 aq:19.57 tex:75993 mv:33268 misc:15707 imb:336 pmb:6557 smb:9162 d:s ref:0 ;
in:123 out:124 type:b dur:2 cpbdur:2 q:23.63 aq:19.76 tex:70405 mv:31662 misc:15509 imb:239 pmb:6305 smb:9511 d:- ref:0 ;
in:128 out:125 type:P dur:2 cpbdur:2 q:23.61 aq:15.65 tex:1245531 mv:74132 misc:4145 imb:1778 pmb:13294 smb:983 d:s ref:0 ;
in:126 out:126 type:B dur:2 cpbdur:2 q:23.62 aq:18.60 tex:176613 mv:50643 misc:15192 imb:432 pmb:9548 smb:6075 d:s ref:0 ;
in:125 out:127 type:b dur:2 cpbdur:2 q:23.63 aq:19.68 tex:73906 mv:31633 misc:15605 imb:262 pmb:6305 smb:9488 d:s ref:0 ;
in:127 out:128 type:b dur:2 cpbdur:2 q:23.61 aq:19.63 tex:69113 mv:30602 misc:15437 imb:280 pmb:6186 smb:9589 d:- ref:0 ;
in:132 out:129 type:P dur:2 cpbdur:2 q:23.57 aq:15.56 tex:1239413 mv:73527 misc:4244 imb:1791 pmb:13281 smb:983 d:s ref:0 ;
in:130 out:130 type:B dur:2 cpbdur:2 q:23.59 aq:18.61 tex:180731 mv:49266 misc:15267 imb:442 pmb:9619 smb:5994 d:s ref:0 ;
in:129 out:131 type:b dur:2 cpbdur:2 q:23.60 aq:19.65 tex:71804 mv:32510 misc:15430 imb:275 pmb:6167 smb:9613 d:s ref:0 ;
in:131 out:132 type:b dur:2 cpbdur:2 q:23.58 aq:19.71 tex:73695 mv:29474 misc:15487 imb:236 pmb:6193 smb:9626 d:- ref:0 ;
in:136 out:133 type:P dur:2 cpbdur:2 q:23.53 aq:15.59 tex:1182703 mv:73685 misc:4460 imb:1692 pmb:13237 smb:1126 d:s ref:0 ;
in:134 out:134 type:B dur:2 cpbdur:2 q:23.55 aq:18.46 tex:174407 mv:50539 misc:15350 imb:425 pmb:9408 smb:6222 d:s ref:0 ;
in:133 out:135 type:b dur:2 cpbdur:2 q:23.56 aq:19.52 tex:64504 mv:30543 misc:15329 imb:253 pmb:5873 smb:9929 d:s ref:0 ;
in:135 out:136 type:b dur:2 cpbdur:2 q:23.54 aq:19.53 tex:63889 mv:29685 misc:15298 imb:256 pmb:5928 smb:9871 d:- ref:0 ;
in:140 out:137 type:P dur:2 cpbdur:2 q:23.59 aq:15.65 tex:1215278 mv:75087 misc:4099 imb:1812 pmb:13315 smb:928 d:s ref:0 ;
in:138 out:138 type:B dur:2 cpbdur:2 q:23.56 aq:18.56 tex:183640 mv:49683 misc:15213 imb:424 pmb:9664 smb:5967 d:s ref:0 ;
in:137 out:139 type:b dur:2 cpbdur:2 q:23.54 aq:19.68 tex:72117 mv:32570 misc:15553 imb:235 pmb:6296 smb:9524 d:s ref:0 ;
in:139 out:140 type:b dur:2 cpbdur:2 q:23.58 aq:19.71 tex:71298 mv:30238 misc:15432 imb:230 pmb:6181 smb:9644 d:- ref:0 ;
in:144 out:141 type:P dur:2 cpbdur:2 q:23.60 aq:15.66 tex:1146835 mv:72767 misc:4622 imb:1700 pmb:13234 smb:1121 d:s ref:0 ;
in:142 out:142 type:B dur:2 cpbdur:2 q:23.60 aq:18.58 tex:171388 mv:49866 misc:15370 imb:380 pmb:9332 smb:6343 d:s ref:0 ;
in:141 out:143 type:b dur:2 cpbdur:2 q:23.59 aq:19.66 tex:68674 mv:30315 misc:15331 imb:239 pmb:5989 smb:9827 d:s ref:0 ;
in:143 out:144 type:b dur:2 cpbdur:2 q:23.60 aq:19.56 tex:61195 mv:29668 misc:15233 imb:220 pmb:5824 smb:10011 d:- ref:0 ;
in:148 out:145 type:P dur:2 cpbdur:2 q:23.59 aq:15.92 tex:1151612 mv:72178 misc:4594 imb:1718 pmb:13113 smb:1224 d:s ref:0 ;
in:146 out:146 type:B dur:2 cpbdur:2 q:23.59 aq:18.66 tex:171472 mv:47467 misc:15461 imb:388 pmb:9362 smb:6305 d:s ref:0 ;
in:145 out:147 type:b dur:2 cpbdur:2 q:23.60 aq:19.60 tex:66196 mv:29774 misc:15342 imb:245 pmb:5880 smb:9930 d:s ref:0 ;
in:147 out:148 type:b dur:2 cpbdur:2 q:23.59 aq:19.66 tex:66252 mv:29562 misc:15330 imb:216 pmb:6032 smb:9807 d:- ref:0 ;
in:152 out:149 type:P dur:2 cpbdur:2 q:23.59 aq:15.63 tex:1297425 mv:78061 misc:3210 imb:2201 pmb:13313 smb:541 d:s ref:0 ;
in:150 out:150 type:B dur:2 cpbdur:2 q:23.59 aq:19.00 tex:272912 mv:58585 misc:13391 imb:792 pmb:11055 smb:4208 d:s ref:0 ;
in:149 out:151 type:b dur:2 cpbdur:2 q:23.59 aq:19.68 tex:87118 mv:38974 misc:15580 imb:386 pmb:6894 smb:8775 d:s ref:0 ;
in:151 out:152 type:b dur:2 cpbdur:2 q:23.59 aq:19.55 tex:76655 mv:34164 misc:15757 imb:306 pmb:6603 smb:9146 d:- ref:0 ;
in:156 out:153 type:P dur:2 cpbdur:2 q:23.58 aq:15.64 tex:1200671 mv:75894 misc:4043 imb:1894 pmb:13312 smb:849 d:s ref:0 ;
in:154 out:154 type:B dur:2 cpbdur:2 q:23.58 aq:18.59 tex:183724 mv:51237 misc:15311 imb:437 pmb:9710 smb:5908 d:s ref:0 ;
in:153 out:155 type:b dur:2 cpbdur:2 q:23.58 aq:19.61 tex:72163 mv:32197 misc:15680 imb:288 pmb:6206 smb:9561 d:s ref:0 ;
in:155 out:156 type:b dur:2 cpbdur:2 q:23.58 aq:19.68 tex:73011 mv:31513 misc:15548 imb:250 pmb:6398 smb:9407 d:- ref:0 ;
in:160 out:157 type:P dur:2 cpbdur:2 q:23.56 aq:15.68 tex:1203309 mv:74517 misc:4206 imb:1787 pmb:13340 smb:928 d:s ref:0 ;
in:158 out:158 type:B dur:2 cpbdur:2 q:23.57 aq:18.68 tex:187494 mv:51248 misc:15242 imb:470 pmb:9620 smb:5965 d:s ref:0 ;
in:157 out:159 type:b dur:2 cpbdur:2 q:23.58 aq:19.67 tex:73931 mv:32163 misc:15714 imb:244 pmb:6295 smb:9516 d:s ref:0 ;
in:159 out:160 type:b dur:2 cpbdur:2 q:23.57 aq:19.63 tex:74112 mv:32099 misc:15557 imb:267 pmb:6346 smb:9442 d:- ref:0 ;
in:164 out:161 type:P dur:2 cpbdur:2 q:23.53 aq:15.56 tex:1195485 mv:75080 misc:4315 imb:1824 pmb:13193 smb:1038 d:s ref:0 ;
in:162 out:162 type:B dur:2 cpbdur:2 q:23.55 aq:18.65 tex:179360 mv:52461 misc:15219 imb:408 pmb:9619 smb:6028 d:s ref:0 ;
in:161 out:163 type:b dur:2 cpbdur:2 q:23.55 aq:19.67 tex:75095 mv:32675 misc:15590 imb:242 pmb:6413 smb:9400 d:s ref:0 ;
in:163 out:164 type:b dur:2 cpbdur:2 q:23.54 aq:19.58 tex:69197 mv:30793 misc:15362 imb:235 pmb:6120 smb:9700 d:- ref:0 ;
in:168 out:165 type:P dur:2 cpbdur:2 q:23.50 aq:15.59 tex:1226768 mv:75861 misc:4243 imb:1736 pmb:13299 smb:1020 d:s ref:0 ;
in:166 out:166 type:B dur:2 cpbdur:2 q:23.52 aq:18.57 tex:184440 mv:52483 misc:15213 imb:412 pmb:9705 smb:5938 d:s ref:0 ;
in:165 out:167 type:b dur:2 cpbdur:2 q:23.53 aq:19.60 tex:66589 mv:31432 misc:15467 imb:235 pmb:6044 smb:9776 d:s ref:0 ;
in:167 out:168 type:b dur:2 cpbdur:2 q:23.51 aq:19.64 tex:73003 mv:30599 misc:15462 imb:209 pmb:6222 smb:9624 d:- ref:0 ;
in:172 out:169 type:P dur:2 cpbdur:2 q:23.54 aq:15.65 tex:1177977 mv:75560 misc:4231 imb:1749 pmb:13271 smb:1035 d:s ref:0 ;
in:170 out:170 type:B dur:2 cpbdur:2 q:23.52 aq:18.61 tex:195752 mv:52574 misc:14938 imb:425 pmb:9840 smb:5790 d:s ref:0 ;
in:169 out:171 type:b dur:2 cpbdur:2 q:23.51 aq:19.60 tex:75071 mv:32006 misc:15587 imb:245 pmb:6334 smb:9476 d:s ref:0 ;
in:171 out:172 type:b dur:2 cpbdur:2 q:23.53 aq:19.57 tex:62496 mv:29851 misc:14997 imb:250 pmb:5750 smb:10055 d:- ref:0 ;
in:176 out:173 type:P dur:2 cpbdur:2 q:23.52 aq:15.86 tex:1152959 mv:73159 misc:4458 imb:1699 pmb:13172 smb:1184 d:s ref:0 ;
in:174 out:174 type:B dur:2 cpbdur:2 q:23.53 aq:18.54 tex:187635 mv:52973 misc:15112 imb:417 pmb:9674 smb:5964 d:s ref:0 ;
in:173 out:175 type:b dur:2 cpbdur:2 q:23.53 aq:19.57 tex:66720 mv:31502 misc:15210 imb:244 pmb:5943 smb:9868 d:s ref:0 ;
in:175 out:176 type:b dur:2 cpbdur:2 q:23.53 aq:19.57 tex:72997 mv:30866 misc:15441 imb:226 pmb:6271 smb:9558 d:- ref:0 ;
in:180 out:177 type:P dur:2 cpbdur:2 q:23.51 aq:15.79 tex:1508141 mv:81574 misc:3117 imb:2761 pmb:12722 smb:572 d:s ref:0 ;
in:178 out:178 type:B dur:2 cpbdur:2 q:23.52 aq:18.46 tex:232774 mv:56507 misc:14263 imb:509 pmb:10632 smb:4914 d:s ref:0 ;
in:177 out:179 type:b dur:2 cpbdur:2 q:23.52 aq:19.62 tex:72781 mv:31629 misc:15558 imb:270 pmb:6127 smb:9658 d:s ref:0 ;
in:179 out:180 type:b dur:2 cpbdur:2 q:23.51 aq:19.68 tex:94843 mv:38238 misc:15919 imb:393 pmb:7505 smb:8157 d:- ref:0 ;
in:184 out:181 type:P dur:2 cpbdur:2 q:23.52 aq:15.75 tex:1278842 mv:77610 misc:3452 imb:2062 pmb:13329 smb:664 d:s ref:0 ;
in:182 out:182 type:B dur:2 cpbdur:2 q:23.52 aq:18.63 tex:212838 mv:53731 misc:14415 imb:483 pmb:10476 smb:5096 d:s ref:0 ;
in:181 out:183 type:b dur:2 cpbdur:2 q:23.51 aq:19.61 tex:87150 mv:35991 misc:15859 imb:285 pmb:7267 smb:8503 d:s ref:0 ;
in:183 out:184 type:b dur:2 cpbdur:2 q:23.52 aq:19.68 tex:83409 mv:32850 misc:15765 imb:235 pmb:6988 smb:8832 d:- ref:0 ;
in:188 out:185 type:P dur:2 cpbdur:2 q:23.53 aq:15.65 tex:1229410 mv:76127 misc:3735 imb:1895 pmb:13381 smb:779 d:s ref:0 ;
in:186 out:186 type:B dur:2 cpbdur:2 q:23.53 aq:18.73 tex:203050 mv:53532 misc:14618 imb:429 pmb:10244 smb:5382 d:s ref:0 ;
in:185 out:187 type:b dur:2 cpbdur:2 q:23.52 aq:19.77 tex:87581 mv:33363 misc:15816 imb:253 pmb:7069 smb:8733 d:s ref:0 ;
in:187 out:188 type:b dur:2 cpbdur:2 q:23.53 aq:19.61 tex:75702 mv:31645 misc:15541 imb:285 pmb:6288 smb:9482 d:- ref:0 ;
in:192 out:189 type:P dur:2 cpbdur:2 q:23.51 aq:15.68 tex:1236190 mv:75540 misc:4166 imb:1795 pmb:13240 smb:1020 d:s ref:0 ;
in:190 out:190 type:B dur:2 cpbdur:2 q:23.52 aq:18.65 tex:204033 mv:53913 misc:14894 imb:464 pmb:9977 smb:5614 d:s ref:0 ;
in:189 out:191 type:b dur:2 cpbdur:2 q:23.52 aq:19.62 tex:75170 mv:31844 misc:15530 imb:267 pmb:6242 smb:9546 d:s ref:0 ;
in:191 out:192 type:b dur:2 cpbdur:2 q:23.52 aq:19.63 tex:73959 mv:32173 misc:15524 imb:252 pmb:6364 smb:9439 d:- ref:0 ;
in:196 out:193 type:P dur:2 cpbdur:2 q:23.49 aq:15.62 tex:1229657 mv:76919 misc:3920 imb:1825 pmb:13363 smb:867 d:s ref:0 ;
in:194 out:194 type:B dur:2 cpbdur:2 q:23.50 aq:18.66 tex:201274 mv:54156 misc:14858 imb:478 pmb:9968 smb:5609 d:s ref:0 ;
in:193 out:195 type:b dur:2 cpbdur:2 q:23.51 aq:19.59 tex:77911 mv:32810 misc:15663 imb:237 pmb:6499 smb:9319 d:s ref:0 ;
in:195 out:196 type:b dur:2 cpbdur:2 q:23.50 aq:19.64 tex:76138 mv:32445 misc:15617 imb:261 pmb:6453 smb:9341 d:- ref:0 ;
in:200 out:197 type:P dur:2 cpbdur:2 q:23.55 aq:15.76 tex:1157610 mv:75545 misc:4165 imb:1779 pmb:13262 smb:1014 d:s ref:0 ;
in:198 out:198 type:B dur:2 cpbdur:2 q:23.52 aq:18.52 tex:184438 mv:53863 misc:14987 imb:460 pmb:9781 smb:5814 d:s ref:0 ;
in:197 out:199 type:b dur:2 cpbdur:2 q:23.51 aq:19.75 tex:66199 mv:32324 misc:15333 imb:281 pmb:5800 smb:9974 d:s ref:0 ;
in:199 out:200 type:b dur:2 cpbdur:2 q:23.53 aq:19.63 tex:68988 mv:31667 misc:15457 imb:257 pmb:6107 smb:9691 d:- ref:0 ;
in:204 out:201 type:P dur:2 cpbdur:2 q:23.56 aq:15.88 tex:1153730 mv:74002 misc:4412 imb:1702 pmb:13222 smb:1131 d:s ref:0 ;
in:202 out:202 type:B dur:2 cpbdur:2 q:23.55 aq:18.60 tex:195054 mv:54717 misc:14957 imb:459 pmb:9897 smb:5699 d:s ref:0 ;
in:201 out:203 type:b dur:2 cpbdur:2 q:23.55 aq:19.67 tex:74381 mv:32567 misc:15516 imb:260 pmb:6284 smb:9511 d:s ref:0 ;
in:203 out:204 type:b dur:2 cpbdur:2 q:23.55 aq:19.68 tex:70875 mv:31047 misc:15438 imb:272 pmb:6154 smb:9629 d:- ref:0 ;
in:208 out:205 type:P dur:2 cpbdur:2 q:23.56 aq:16.11 tex:1043717 mv:73311 misc:4692 imb:1729 pmb:13000 smb:1326 d:s ref:0 ;
in:206 out:206 type:B dur:2 cpbdur:2 q:23.56 aq:18.54 tex:183382 mv:52312 misc:15082 imb:410 pmb:9668 smb:5977 d:s ref:0 ;
in:205 out:207 type:b dur:2 cpbdur:2 q:23.56 aq:19.63 tex:74773 mv:33552 misc:15571 imb:259 pmb:6310 smb:9486 d:s ref:0 ;
in:207 out:208 type:b dur:2 cpbdur:2 q:23.56 aq:19.57 tex:59890 mv:28833 misc:14909 imb:238 pmb:5555 smb:10262 d:- ref:0 ;
in:212 out:209 type:P dur:2 cpbdur:2 q:23.54 aq:16.01 tex:1136995 mv:76835 misc:3170 imb:2213 pmb:13322 smb:520 d:s ref:0 ;
in:210 out:210 type:B dur:2 cpbdur:2 q:23.55 aq:19.00 tex:285001 mv:60428 misc:12891 imb:777 pmb:11284 smb:3994 d:s ref:0 ;
in:209 out:211 type:b dur:2 cpbdur:2 q:23.55 aq:19.57 tex:85302 mv:38811 misc:15679 imb:364 pmb:6957 smb:8734 d:s ref:0 ;
in:211 out:212 type:b dur:2 cpbdur:2 q:23.54 aq:19.45 tex:78405 mv:34480 misc:15739 imb:333 pmb:6658 smb:9064 d:- ref:0 ;
in:216 out:213 type:P dur:2 cpbdur:2 q:23.53 aq:16.27 tex:972761 mv:73646 misc:4393 imb:1725 pmb:13345 smb:985 d:s ref:0 ;
in:214 out:214 type:B dur:2 cpbdur:2 q:23.53 aq:18.63 tex:198707 mv:52081 misc:14740 imb:484 pmb:10060 smb:5511 d:s ref:0 ;
in:213 out:215 type:b dur:2 cpbdur:2 q:23.53 aq:19.58 tex:75796 mv:31553 misc:15651 imb:247 pmb:6450 smb:9358 d:s ref:0 ;
in:215 out:216 type:b dur:2 cpbdur:2 q:23.53 aq:19.68 tex:75994 mv:31630 misc:15696 imb:242 pmb:6589 smb:9224 d:- ref:0 ;
in:220 out:217 type:P dur:2 cpbdur:2 q:23.48 aq:16.68 tex:873030 mv:73466 misc:4832 imb:1723 pmb:13238 smb:1094 d:s ref:0 ;
in:218 out:218 type:B dur:2 cpbdur:2 q:23.50 aq:18.55 tex:210300 mv:53139 misc:14521 imb:403 pmb:10410 smb:5242 d:s ref:0 ;
in:217 out:219 type:b dur:2 cpbdur:2 q:23.51 aq:19.61 tex:78399 mv:32750 misc:15611 imb:230 pmb:6528 smb:9297 d:s ref:0 ;
in:219 out:220 type:b dur:2 cpbdur:2 q:23.49 aq:19.60 tex:77909 mv:31865 misc:15634 imb:276 pmb:6511 smb:9268 d:- ref:0 ;
in:224 out:221 type:P dur:2 cpbdur:2 q:23.43 aq:17.61 tex:614720 mv:72025 misc:6231 imb:1784 pmb:12883 smb:1388 d:s ref:0 ;
in:222 out:222 type:B dur:2 cpbdur:2 q:23.45 aq:18.55 tex:227996 mv:53587 misc:14417 imb:469 pmb:10508 smb:5078 d:s ref:0 ;
in:221 out:223 type:b dur:2 cpbdur:2 q:23.47 aq:19.61 tex:81676 mv:32869 misc:15703 imb:278 pmb:6551 smb:9226 d:s ref:0 ;
in:223 out:224 type:b dur:2 cpbdur:2 q:23.44 aq:19.62 tex:84609 mv:33181 misc:15930 imb:248 pmb:6919 smb:8888 d:- ref:0 ;
in:227 out:225 type:P dur:2 cpbdur:2 q:23.34 aq:19.72 tex:235253 mv:54383 misc:14060 imb:1454 pmb:9514 smb:5087 d:s ref:0 ;
in:225 out:226 type:B dur:2 cpbdur:2 q:23.40 aq:19.81 tex:97604 mv:31748 misc:15856 imb:300 pmb:6567 smb:9188 d:t ref:0 ;
in:226 out:227 type:b dur:2 cpbdur:2 q:23.37 aq:19.85 tex:118494 mv:39680 misc:16050 imb:290 pmb:8143 smb:7622 d:- ref:0 ;
in:228 out:228 type:I dur:2 cpbdur:2 q:20.58 aq:13.78 tex:3535737 mv:617443 misc:644 imb:16055 pmb:0 smb:0 d:s ref:;
in:232 out:229 type:P dur:2 cpbdur:2 q:23.97 aq:17.04 tex:1190035 mv:73732 misc:2177 imb:2689 pmb:13149 smb:217 d:s ref:0 ;
in:230 out:230 type:B dur:2 cpbdur:2 q:23.97 aq:19.88 tex:163325 mv:53857 misc:14634 imb:943 pmb:8950 smb:6162 d:s ref:0 ;
in:229 out:231 type:b dur:2 cpbdur:2 q:23.97 aq:20.51 tex:72050 mv:38130 misc:13780 imb:694 pmb:5824 smb:9537 d:s ref:0 ;
in:231 out:232 type:b dur:2 cpbdur:2 q:23.97 aq:20.59 tex:71478 mv:32912 misc:13762 imb:410 pmb:6160 smb:9485 d:- ref:0 ;
in:236 out:233 type:P dur:2 cpbdur:2 q:23.94 aq:16.91 tex:1149628 mv:75481 misc:2731 imb:2146 pmb:13594 smb:315 d:s ref:0 ;
in:234 out:234 type:B dur:2 cpbdur:2 q:23.96 aq:19.76 tex:155585 mv:51750 misc:14761 imb:659 pmb:8786 smb:6610 d:s ref:0 ;
in:233 out:235 type:b dur:2 cpbdur:2 q:23.96 aq:20.70 tex:69935 mv:33200 misc:13785 imb:405 pmb:5984 smb:9666 d:s ref:0 ;
in:235 out:236 type:b dur:2 cpbdur:2 q:23.95 aq:20.56 tex:61120 mv:30578 misc:13686 imb:401 pmb:5503 smb:10151 d:- ref:0 ;
in:240 out:237 type:P dur:2 cpbdur:2 q:23.89 aq:16.80 tex:1099265 mv:76452 misc:2987 imb:2038 pmb:13628 smb:389 d:s ref:0 ;
in:238 out:238 type:B dur:2 cpbdur:2 q:23.92 aq:19.61 tex:151113 mv:53858 misc:15109 imb:691 pmb:8900 smb:6464 d:s ref:0 ;
in:237 out:239 type:b dur:2 cpbdur:2 q:23.93 aq:20.57 tex:64775 mv:32093 misc:13908 imb:384 pmb:5619 smb:10052 d:s ref:0 ;
in:239 out:240 type:b dur:2 cpbdur:2 q:23.90 aq:20.35 tex:57330 mv:31184 misc:13654 imb:355 pmb:5405 smb:10295 d:- ref:0 ;
in:244 out:241 type:P dur:2 cpbdur:2 q:23.81 aq:16.68 tex:1106783 mv:78213 misc:2884 imb:2009 pmb:13691 smb:355 d:s ref:0 ;
in:242 out:242 type:B dur:2 cpbdur:2 q:23.85 aq:19.63 tex:146154 mv:52121 misc:14997 imb:622 pmb:8751 smb:6682 d:s ref:0 ;
in:241 out:243 type:b dur:2 cpbdur:2 q:23.87 aq:20.38 tex:59586 mv:31263 misc:13751 imb:398 pmb:5418 smb:10239 d:s ref:0 ;
in:243 out:244 type:b dur:2 cpbdur:2 q:23.83 aq:20.31 tex:56047 mv:31384 misc:13473 imb:372 pmb:5413 smb:10270 d:- ref:0 ;
in:248 out:245 type:P dur:2 cpbdur:2 q:23.65 aq:16.58 tex:1134346 mv:77053 misc:3041 imb:1897 pmb:13772 smb:386 d:s ref:0 ;
in:246 out:246 type:B dur:2 cpbdur:2 q:23.73 aq:19.45 tex:148513 mv:52614 misc:15097 imb:578 pmb:8858 smb:6619 d:s ref:0 ;
in:245 out:247 type:b dur:2 cpbdur:2 q:23.77 aq:20.37 tex:59243 mv:32724 misc:14001 imb:366 pmb:5508 smb:10181 d:s ref:0 ;
in:247 out:248 type:b dur:2 cpbdur:2 q:23.69 aq:20.22 tex:58501 mv:30348 misc:13487 imb:389 pmb:5340 smb:10326 d:- ref:0 ;
in:252 out:249 type:P dur:2 cpbdur:2 q:23.60 aq:16.53 tex:1129662 mv:78451 misc:2823 imb:2037 pmb:13686 smb:332 d:s ref:0 ;
in:250 out:250 type:B dur:2 cpbdur:2 q:23.63 aq:19.44 tex:156214 mv:53484 misc:14878 imb:616 pmb:9184 smb:6255 d:s ref:0 ;
in:249 out:251 type:b dur:2 cpbdur:2 q:23.64 aq:20.23 tex:61117 mv:33023 misc:13964 imb:371 pmb:5766 smb:9918 d:s ref:0 ;
in:251 out:252 type:b dur:2 cpbdur:2 q:23.62 aq:20.10 tex:62550 mv:33231 misc:13907 imb:392 pmb:5826 smb:9837 d:- ref:0 ;
in:256 out:253 type:P dur:2 cpbdur:2 q:23.56 aq:16.61 tex:1143517 mv:77596 misc:2671 imb:2014 pmb:13749 smb:292 d:s ref:0 ;
in:254 out:254 type:B dur:2 cpbdur:2 q:23.58 aq:19.43 tex:176809 mv:56137 misc:14654 imb:624 pmb:9727 smb:5704 d:s ref:0 ;
in:253 out:255 type:b dur:2 cpbdur:2 q:23.59 aq:20.28 tex:72381 mv:34699 misc:14344 imb:374 pmb:6405 smb:9276 d:s ref:0 ;
in:255 out:256 type:b dur:2 cpbdur:2 q:23.57 aq:20.17 tex:62677 mv:33042 misc:13817 imb:397 pmb:5597 smb:10061 d:- ref:0 ;
in:260 out:257 type:P dur:2 cpbdur:2 q:23.53 aq:16.47 tex:1298306 mv:77422 misc:2576 imb:2038 pmb:13715 smb:302 d:s ref:0 ;
in:258 out:258 type:B dur:2 cpbdur:2 q:23.55 aq:19.78 tex:257123 mv:59573 misc:13264 imb:875 pmb:10637 smb:4543 d:s ref:0 ;
in:257 out:259 type:b dur:2 cpbdur:2 q:23.56 aq:20.20 tex:75613 mv:38362 misc:14185 imb:520 pmb:6200 smb:9335 d:s ref:0 ;
in:259 out:260 type:b dur:2 cpbdur:2 q:23.54 aq:20.25 tex:80728 mv:37715 misc:14189 imb:494 pmb:6557 smb:9004 d:- ref:0 ;
in:264 out:261 type:P dur:2 cpbdur:2 q:23.53 aq:16.41 tex:1188125 mv:78770 misc:2585 imb:2107 pmb:13661 smb:287 d:s ref:0 ;
in:262 out:262 type:B dur:2 cpbdur:2 q:23.53 aq:19.43 tex:182135 mv:56941 misc:14596 imb:663 pmb:9879 smb:5513 d:s ref:0 ;
in:261 out:263 type:b dur:2 cpbdur:2 q:23.53 aq:20.25 tex:77669 mv:35301 misc:14462 imb:396 pmb:6364 smb:9295 d:s ref:0 ;
in:263 out:264 type:b dur:2 cpbdur:2 q:23.53 aq:20.14 tex:69314 mv:34673 misc:14141 imb:350 pmb:6122 smb:9583 d:- ref:0 ;
in:268 out:265 type:P dur:2 cpbdur:2 q:23.53 aq:16.42 tex:1146619 mv:79590 misc:2519 imb:2027 pmb:13756 smb:272 d:s ref:0 ;
in:266 out:266 type:B dur:2 cpbdur:2 q:23.53 aq:19.24 tex:162929 mv:54953 misc:14926 imb:637 pmb:9340 smb:6078 d:s ref:0 ;
in:265 out:267 type:b dur:2 cpbdur:2 q:23.53 aq:20.16 tex:65132 mv:32755 misc:14377 imb:363 pmb:5890 smb:9802 d:s ref:0 ;
in:267 out:268 type:b dur:2 cpbdur:2 q:23.53 aq:20.20 tex:63677 mv:34464 misc:14219 imb:361 pmb:5986 smb:9708 d:- ref:0 ;
in:272 out:269 type:P dur:2 cpbdur:2 q:23.55 aq:16.56 tex:1175433 mv:77924 misc:2915 imb:1918 pmb:13796 smb:341 d:s ref:0 ;
in:270 out:270 type:B dur:2 cpbdur:2 q:23.54 aq:19.33 tex:163817 mv:56238 misc:14969 imb:662 pmb:9282 smb:6111 d:s ref:0 ;
in:269 out:271 type:b dur:2 cpbdur:2 q:23.54 aq:20.07 tex:63989 mv:34505 misc:14018 imb:395 pmb:5791 smb:9869 d:s ref:0 ;
in:271 out:272 type:b dur:2 cpbdur:2 q:23.55 aq:20.36 tex:67185 mv:33609 misc:14638 imb:362 pmb:6119 smb:9574 d:- ref:0 ;
in:276 out:273 type:P dur:2 cpbdur:2 q:23.54 aq:16.47 tex:1161981 mv:78857 misc:2586 imb:2010 pmb:13775 smb:270 d:s ref:0 ;
in:274 out:274 type:B dur:2 cpbdur:2 q:23.54 aq:19.35 tex:178900 mv:57354 misc:14554 imb:699 pmb:9677 smb:5679 d:s ref:0 ;
in:273 out:275 type:b dur:2 cpbdur:2 q:23.55 aq:20.24 tex:71219 mv:35109 misc:14584 imb:373 pmb:6328 smb:9354 d:s ref:0 ;
in:275 out:276 type:b dur:2 cpbdur:2 q:23.54 aq:20.08 tex:62543 mv:32748 misc:14013 imb:400 pmb:5708 smb:9947 d:- ref:0 ;
in:280 out:277 type:P dur:2 cpbdur:2 q:23.56 aq:16.53 tex:1132169 mv:78506 misc:2805 imb:1996 pmb:13720 smb:339 d:s ref:0 ;
in:278 out:278 type:B dur:2 cpbdur:2 q:23.55 aq:19.32 tex:171405 mv:55251 misc:14920 imb:641 pmb:9598 smb:5816 d:s ref:0 ;
in:277 out:279 type:b dur:2 cpbdur:2 q:23.54 aq:20.08 tex:65155 mv:34642 misc:14211 imb:365 pmb:5996 smb:9694 d:s ref:0 ;
in:279 out:280 type:b dur:2 cpbdur:2 q:23.55 aq:20.22 tex:64520 mv:34179 misc:14413 imb:381 pmb:5948 smb:9726 d:- ref:0 ;
in:284 out:281 type:P dur:2 cpbdur:2 q:23.55 aq:16.64 tex:1134019 mv:77880 misc:2885 imb:2003 pmb:13733 smb:319 d:s ref:0 ;
in:282 out:282 type:B dur:2 cpbdur:2 q:23.55 aq:19.40 tex:172068 mv:54535 misc:14845 imb:601 pmb:9505 smb:5949 d:s ref:0 ;
in:281 out:283 type:b dur:2 cpbdur:2 q:23.55 aq:20.17 tex:74083 mv:35781 misc:14696 imb:368 pmb:6486 smb:9201 d:s ref:0 ;
in:283 out:284 type:b dur:2 cpbdur:2 q:23.55 aq:20.20 tex:69168 mv:35022 misc:14482 imb:386 pmb:6268 smb:9401 d:- ref:0 ;
in:288 out:285 type:P dur:2 cpbdur:2 q:23.50 aq:16.61 tex:1486799 mv:82837 misc:1948 imb:2633 pmb:13245 smb:177 d:s ref:0 ;
in:286 out:286 type:B dur:2 cpbdur:2 q:23.52 aq:19.12 tex:208182 mv:61282 misc:14136 imb:766 pmb:10213 smb:5076 d:s ref:0 ;
in:285 out:287 type:b dur:2 cpbdur:2 q:23.54 aq:20.16 tex:65318 mv:34081 misc:14489 imb:375 pmb:5876 smb:9804 d:s ref:0 ;
in:287 out:288 type:b dur:2 cpbdur:2 q:23.51 aq:20.22 tex:80540 mv:39769 misc:14787 imb:557 pmb:6579 smb:8919 d:- ref:0 ;
in:292 out:289 type:P dur:2 cpbdur:2 q:23.51 aq:16.48 tex:1229132 mv:78661 misc:2471 imb:2139 pmb:13633 smb:283 d:s ref:0 ;
in:290 out:290 type:B dur:2 cpbdur:2 q:23.50 aq:19.37 tex:192861 mv:58882 misc:14353 imb:757 pmb:10084 smb:5214 d:s ref:0 ;
in:289 out:291 type:b dur:2 cpbdur:2 q:23.50 aq:20.18 tex:82832 mv:40618 misc:14686 imb:542 pmb:6831 smb:8682 d:s ref:0 ;
in:291 out:292 type:b dur:2 cpbdur:2 q:23.50 aq:20.23 tex:72084 mv:35299 misc:14449 imb:410 pmb:6324 smb:9321 d:- ref:0 ;
in:296 out:293 type:P dur:2 cpbdur:2 q:23.50 aq:16.45 tex:1205187 mv:79267 misc:2722 imb:2076 pmb:13671 smb:308 d:s ref:0 ;
in:294 out:294 type:B dur:2 cpbdur:2 q:23.50 aq:19.30 tex:185819 mv:57835 misc:14754 imb:683 pmb:9830 smb:5542 d:s ref:0 ;
in:293 out:295 type:b dur:2 cpbdur:2 q:23.51 aq:20.14 tex:75048 mv:37085 misc:14547 imb:422 pmb:6394 smb:9239 d:s ref:0 ;
in:295 out:296 type:b dur:2 cpbdur:2 q:23.50 aq:20.13 tex:73969 mv:36653 misc:14658 imb:377 pmb:6419 smb:9259 d:- ref:0 ;
in:300 out:297 type:P dur:2 cpbdur:2 q:23.48 aq:16.37 tex:1178046 mv:78818 misc:2856 imb:2037 pmb:13664 smb:354 d:s ref:0 ;
in:298 out:298 type:B dur:2 cpbdur:2 q:23.49 aq:19.24 tex:171367 mv:56549 misc:15044 imb:655 pmb:9441 smb:5959 d:s ref:0 ;
in:297 out:299 type:b dur:2 cpbdur:2 q:23.50 aq:20.19 tex:67040 mv:34108 misc:14348 imb:382 pmb:5935 smb:9738 d:s ref:0 ;
in:299 out:300 type:b dur:2 cpbdur:2 q:23.49 aq:20.05 tex:62452 mv:32822 misc:14062 imb:374 pmb:5669 smb:10012 d:- ref:0 ;
in:304 out:301 type:P dur:2 cpbdur:2 q:23.46 aq:16.45 tex:1196140 mv:79302 misc:2742 imb:2017 pmb:13746 smb:292 d:s ref:0 ;
in:302 out:302 type:B dur:2 cpbdur:2 q:23.47 aq:19.22 tex:174174 mv:57592 misc:14882 imb:691 pmb:9497 smb:5867 d:s ref:0 ;
in:301 out:303 type:b dur:2 cpbdur:2 q:23.48 aq:20.18 tex:67237 mv:35193 misc:14762 imb:370 pmb:6029 smb:9656 d:s ref:0 ;
in:303 out:304 type:b dur:2 cpbdur:2 q:23.47 aq:20.18 tex:73946 mv:35655 misc:14799 imb:326 pmb:6574 smb:9155 d:- ref:0 ;
in:308 out:305 type:P dur:2 cpbdur:2 q:23.49 aq:16.41 tex:1164308 mv:79338 misc:2810 imb:2080 pmb:13612 smb:363 d:s ref:0 ;
in:306 out:306 type:B dur:2 cpbdur:2 q:23.48 aq:19.23 tex:173295 mv:55691 misc:14854 imb:656 pmb:9587 smb:5812 d:s ref:0 ;
in:305 out:307 type:b dur:2 cpbdur:2 q:23.47 aq:20.31 tex:75622 mv:35308 misc:14950 imb:352 pmb:6517 smb:9186 d:s ref:0 ;
in:307 out:308 type:b dur:2 cpbdur:2 q:23.48 aq:20.13 tex:65869 mv:34169 misc:14666 imb:356 pmb:6070 smb:9629 d:- ref:0 ;
in:312 out:309 type:P dur:2 cpbdur:2 q:23.52 aq:16.54 tex:1158176 mv:79241 misc:2759 imb:2014 pmb:13708 smb:333 d:s ref:0 ;
in:310 out:310 type:B dur:2 cpbdur:2 q:23.50 aq:19.26 tex:177558 mv:57218 misc:14808 imb:696 pmb:9641 smb:5718 d:s ref:0 ;
in:309 out:311 type:b dur:2 cpbdur:2 q:23.50 aq:19.96 tex:64824 mv:34171 misc:14517 imb:337 pmb:5946 smb:9772 d:s ref:0 ;
in:311 out:312 type:b dur:2 cpbdur:2 q:23.51 aq:20.23 tex:76281 mv:36396 misc:14827 imb:386 pmb:6722 smb:8947 d:- ref:0 ;
in:316 out:313 type:P dur:2 cpbdur:2 q:23.51 aq:16.53 tex:1124327 mv:79115 misc:2902 imb:2085 pmb:13615 smb:355 d:s ref:0 ;
in:314 out:314 type:B dur:2 cpbdur:2 q:23.51 aq:19.30 tex:179545 mv:56862 misc:14753 imb:615 pmb:9790 smb:5650 d:s ref:0 ;
in:313 out:315 type:b dur:2 cpbdur:2 q:23.52 aq:20.21 tex:75374 mv:36441 misc:14633 imb:359 pmb:6598 smb:9098 d:s ref:0 ;
in:315 out:316 type:b dur:2 cpbdur:2 q:23.51 aq:20.05 tex:65192 mv:33357 misc:14411 imb:374 pmb:5993 smb:9688 d:- ref:0 ;
in:320 out:317 type:P dur:2 cpbdur:2 q:23.50 aq:16.49 tex:1257684 mv:79967 misc:2525 imb:2118 pmb:13640 smb:297 d:s ref:0 ;
in:318 out:318 type:B dur:2 cpbdur:2 q:23.50 aq:19.72 tex:280685 mv:60266 misc:12825 imb:820 pmb:11258 smb:3977 d:s ref:0 ;
in:317 out:319 type:b dur:2 cpbdur:2 q:23.51 aq:20.12 tex:77619 mv:39103 misc:14678 imb:517 pmb:6431 smb:9107 d:s ref:0 ;
in:319 out:320 type:b dur:2 cpbdur:2 q:23.50 aq:20.07 tex:80813 mv:37687 misc:14636 imb:467 pmb:6734 smb:8854 d:- ref:0 ;
in:324 out:321 type:P dur:2 cpbdur:2 q:23.49 aq:16.52 tex:1179861 mv:78809 misc:2746 imb:2073 pmb:13653 smb:329 d:s ref:0 ;
in:322 out:322 type:B dur:2 cpbdur:2 q:23.49 aq:19.24 tex:192423 mv:58169 misc:14672 imb:673 pmb:9978 smb:5404 d:s ref:0 ;
in:321 out:323 type:b dur:2 cpbdur:2 q:23.50 aq:20.22 tex:80467 mv:37128 misc:15013 imb:386 pmb:6847 smb:8822 d:s ref:0 ;
in:323 out:324 type:b dur:2 cpbdur:2 q:23.49 aq:20.12 tex:77436 mv:35624 misc:14852 imb:373 pmb:6637 smb:9045 d:- ref:0 ;
in:328 out:325 type:P dur:2 cpbdur:2 q:23.45 aq:16.38 tex:1142181 mv:80547 misc:2760 imb:2119 pmb:13603 smb:333 d:s ref:0 ;
in:326 out:326 type:B dur:2 cpbdur:2 q:23.47 aq:19.21 tex:192168 mv:60398 misc:14466 imb:710 pmb:10062 smb:5283 d:s ref:0 ;
in:325 out:327 type:b dur:2 cpbdur:2 q:23.48 aq:20.20 tex:78335 mv:36207 misc:14898 imb:398 pmb:6658 smb:8999 d:s ref:0 ;
in:327 out:328 type:b dur:2 cpbdur:2 q:23.46 aq:20.03 tex:69413 mv:34522 misc:14641 imb:395 pmb:6182 smb:9478 d:- ref:0 ;
in:332 out:329 type:P dur:2 cpbdur:2 q:23.43 aq:16.45 tex:1142942 mv:80156 misc:2806 imb:2062 pmb:13645 smb:348 d:s ref:0 ;
in:330 out:330 type:B dur:2 cpbdur:2 q:23.44 aq:19.16 tex:188727 mv:60039 misc:14674 imb:643 pmb:10085 smb:5327 d:s ref:0 ;
in:329 out:331 type:b dur:2 cpbdur:2 q:23.45 aq:20.03 tex:70437 mv:36955 misc:15048 imb:364 pmb:6387 smb:9304 d:s ref:0 ;
in:331 out:332 type:b dur:2 cpbdur:2 q:23.44 aq:20.14 tex:73046 mv:37153 misc:15073 imb:395 pmb:6575 smb:9085 d:- ref:0 ;
in:336 out:333 type:P dur:2 cpbdur:2 q:23.41 aq:16.38 tex:1140493 mv:82401 misc:2594 imb:2194 pmb:13587 smb:274 d:s ref:0 ;
in:334 out:334 type:B dur:2 cpbdur:2 q:23.42 aq:19.24 tex:198797 mv:61190 misc:14237 imb:683 pmb:10308 smb:5064 d:s ref:0 ;
in:333 out:335 type:b dur:2 cpbdur:2 q:23.43 aq:20.11 tex:82418 mv:36826 misc:15140 imb:396 pmb:6696 smb:8963 d:s ref:0 ;
in:335 out:336 type:b dur:2 cpbdur:2 q:23.42 aq:19.94 tex:75166 mv:38243 misc:14839 imb:408 pmb:6604 smb:9043 d:- ref:0 ;
in:340 out:337 type:P dur:2 cpbdur:2 q:23.42 aq:16.49 tex:1128200 mv:80457 misc:2807 imb:2083 pmb:13639 smb:333 d:s ref:0 ;
in:338 out:338 type:B dur:2 cpbdur:2 q:23.42 aq:19.05 tex:191346 mv:60115 misc:14531 imb:718 pmb:10061 smb:5276 d:s ref:0 ;
in:337 out:339 type:b dur:2 cpbdur:2 q:23.41 aq:19.87 tex:71897 mv:37743 misc:15008 imb:432 pmb:6398 smb:9225 d:s ref:0 ;
in:339 out:340 type:b dur:2 cpbdur:2 q:23.42 aq:20.06 tex:74145 mv:37748 misc:15115 imb:413 pmb:6498 smb:9144 d:- ref:0 ;
in:344 out:341 type:P dur:2 cpbdur:2 q:23.41 aq:16.50 tex:1115221 mv:81295 misc:2676 imb:2116 pmb:13641 smb:298 d:s ref:0 ;
in:342 out:342 type:B dur:2 cpbdur:2 q:23.42 aq:19.20 tex:194932 mv:62072 misc:14372 imb:674 pmb:10181 smb:5200 d:s ref:0 ;
in:341 out:343 type:b dur:2 cpbdur:2 q:23.42 aq:20.07 tex:84253 mv:39961 misc:15146 imb:434 pmb:6962 smb:8659 d:s ref:0 ;
in:343 out:344 type:b dur:2 cpbdur:2 q:23.41 aq:19.89 tex:78336 mv:37045 misc:14891 imb:388 pmb:6550 smb:9117 d:- ref:0 ;
in:348 out:345 type:P dur:2 cpbdur:2 q:23.40 aq:16.53 tex:1454862 mv:85333 misc:2141 imb:2710 pmb:13110 smb:235 d:s ref:0 ;
in:346 out:346 type:B dur:2 cpbdur:2 q:23.40 aq:18.88 tex:229654 mv:65517 misc:13741 imb:822 pmb:10785 smb:4448 d:s ref:0 ;
in:345 out:347 type:b dur:2 cpbdur:2 q:23.41 aq:19.93 tex:72960 mv:36857 misc:15119 imb:364 pmb:6374 smb:9317 d:s ref:0 ;
in:347 out:348 type:b dur:2 cpbdur:2 q:23.40 aq:20.09 tex:87954 mv:42961 misc:15341 imb:556 pmb:7170 smb:8329 d:- ref:0 ;
in:352 out:349 type:P dur:2 cpbdur:2 q:23.42 aq:16.42 tex:1186006 mv:81766 misc:2588 imb:2294 pmb:13485 smb:276 d:s ref:0 ;
in:350 out:350 type:B dur:2 cpbdur:2 q:23.41 aq:19.06 tex:203866 mv:61990 misc:14232 imb:813 pmb:10267 smb:4975 d:s ref:0 ;
in:349 out:351 type:b dur:2 cpbdur:2 q:23.40 aq:20.07 tex:86071 mv:40203 misc:15142 imb:485 pmb:7061 smb:8509 d:s ref:0 ;
in:351 out:352 type:b dur:2 cpbdur:2 q:23.42 aq:19.99 tex:78282 mv:38473 misc:15085 imb:424 pmb:6686 smb:8945 d:- ref:0 ;
in:356 out:353 type:P dur:2 cpbdur:2 q:23.42 aq:16.38 tex:1146102 mv:81976 misc:2762 imb:2197 pmb:13521 smb:337 d:s ref:0 ;
in:354 out:354 type:B dur:2 cpbdur:2 q:23.42 aq:19.11 tex:197808 mv:62553 misc:14391 imb:749 pmb:10184 smb:5122 d:s ref:0 ;
in:353 out:355 type:b dur:2 cpbdur:2 q:23.42 aq:20.13 tex:79894 mv:39291 misc:15127 imb:440 pmb:6772 smb:8843 d:s ref:0 ;
in:355 out:356 type:b dur:2 cpbdur:2 q:23.42 aq:19.98 tex:79542 mv:38836 misc:15054 imb:447 pmb:6794 smb:8814 d:- ref:0 ;
in:360 out:357 type:P dur:2 cpbdur:2 q:23.40 aq:16.38 tex:1153471 mv:81968 misc:2729 imb:2151 pmb:13587 smb:317 d:s ref:0 ;
in:358 out:358 type:B dur:2 cpbdur:2 q:23.41 aq:19.13 tex:205181 mv:64087 misc:14140 imb:715 pmb:10566 smb:4774 d:s ref:0 ;
in:357 out:359 type:b dur:2 cpbdur:2 q:23.42 aq:20.05 tex:86184 mv:39797 misc:15227 imb:445 pmb:6982 smb:8628 d:s ref:0 ;
in:359 out:360 type:b dur:2 cpbdur:2 q:23.41 aq:20.03 tex:80194 mv:37690 misc:15004 imb:415 pmb:6693 smb:8947 d:- ref:0 ;
in:364 out:361 type:P dur:2 cpbdur:2 q:23.39 aq:16.36 tex:1150693 mv:80873 misc:2618 imb:2123 pmb:13627 smb:305 d:s ref:0 ;
in:362 out:362 type:B dur:2 cpbdur:2 q:23.40 aq:18.98 tex:195212 mv:60778 misc:14594 imb:774 pmb:10029 smb:5252 d:s ref:0 ;
in:361 out:363 type:b dur:2 cpbdur:2 q:23.40 aq:19.93 tex:84267 mv:40276 misc:15081 imb:449 pmb:7024 smb:8582 d:s ref:0 ;
in:363 out:364 type:b dur:2 cpbdur:2 q:23.40 aq:19.94 tex:78867 mv:38546 misc:15139 imb:419 pmb:6780 smb:8856 d:- ref:0 ;
in:368 out:365 type:P dur:2 cpbdur:2 q:23.39 aq:16.29 tex:1113507 mv:81492 misc:2769 imb:2196 pmb:13543 smb:316 d:s ref:0 ;
in:366 out:366 type:B dur:2 cpbdur:2 q:23.39 aq:19.06 tex:197173 mv:63160 misc:14451 imb:797 pmb:10132 smb:5126 d:s ref:0 ;
in:365 out:367 type:b dur:2 cpbdur:2 q:23.39 aq:20.03 tex:81797 mv:39506 misc:15129 imb:426 pmb:6829 smb:8800 d:s ref:0 ;
in:367 out:368 type:b dur:2 cpbdur:2 q:23.39 aq:19.83 tex:70464 mv:36859 misc:14813 imb:406 pmb:6236 smb:9413 d:- ref:0 ;
in:372 out:369 type:P dur:2 cpbdur:2 q:23.39 aq:16.38 tex:1108083 mv:82595 misc:2842 imb:2171 pmb:13550 smb:334 d:s ref:0 ;
in:370 out:370 type:B dur:2 cpbdur:2 q:23.39 aq:19.14 tex:192159 mv:61744 misc:14497 imb:655 pmb:10201 smb:5199 d:s ref:0 ;
in:369 out:371 type:b dur:2 cpbdur:2 q:23.39 aq:19.91 tex:74072 mv:37597 misc:14955 imb:446 pmb:6208 smb:9401 d:s ref:0 ;
in:371 out:372 type:b dur:2 cpbdur:2 q:23.39 aq:20.01 tex:78518 mv:37996 misc:14950 imb:455 pmb:6624 smb:8976 d:- ref:0 ;
in:376 out:373 type:P dur:2 cpbdur:2 q:23.38 aq:16.45 tex:1102077 mv:81530 misc:2881 imb:2118 pmb:13587 smb:350 d:s ref:0 ;
in:374 out:374 type:B dur:2 cpbdur:2 q:23.39 aq:19.07 tex:196351 mv:61057 misc:14472 imb:716 pmb:10145 smb:5194 d:s ref:0 ;
in:373 out:375 type:b dur:2 cpbdur:2 q:23.39 aq:20.09 tex:82944 mv:41222 misc:15434 imb:430 pmb:6985 smb:8640 d:s ref:0 ;
in:375 out:376 type:b dur:2 cpbdur:2 q:23.38 aq:20.03 tex:78266 mv:37624 misc:15094 imb:427 pmb:6694 smb:8934 d:- ref:0 ;
in:380 out:377 type:P dur:2 cpbdur:2 q:23.38 aq:16.31 tex:1215543 mv:82832 misc:2337 imb:2315 pmb:13509 smb:231 d:s ref:0 ;
in:378 out:378 type:B dur:2 cpbdur:2 q:23.38 aq:19.37 tex:287185 mv:64571 misc:12708 imb:982 pmb:11266 smb:3807 d:s ref:0 ;
in:377 out:379 type:b dur:2 cpbdur:2 q:23.38 aq:19.93 tex:83838 mv:41360 misc:14986 imb:594 pmb:6638 smb:8823 d:s ref:0 ;
in:379 out:380 type:b dur:2 cpbdur:2 q:23.38 aq:19.92 tex:86145 mv:40631 misc:15128 imb:547 pmb:6919 smb:8589 d:- ref:0 ;
in:384 out:381 type:P dur:2 cpbdur:2 q:23.38 aq:16.35 tex:1132398 mv:82131 misc:2783 imb:2155 pmb:13551 smb:349 d:s ref:0 ;
in:382 out:382 type:B dur:2 cpbdur:2 q:23.38 aq:18.98 tex:192231 mv:61786 misc:14511 imb:754 pmb:10065 smb:5236 d:s ref:0 ;
in:381 out:383 type:b dur:2 cpbdur:2 q:23.38 aq:19.93 tex:81673 mv:38787 misc:15372 imb:428 pmb:6788 smb:8839 d:s ref:0 ;
in:383 out:384 type:b dur:2 cpbdur:2 q:23.38 aq:19.82 tex:80219 mv:37051 misc:15050 imb:433 pmb:6572 smb:9050 d:- ref:0 ;
in:388 out:385 type:P dur:2 cpbdur:2 q:23.36 aq:16.32 tex:1137094 mv:82554 misc:2960 imb:2198 pmb:13473 smb:384 d:s ref:0 ;
in:386 out:386 type:B dur:2 cpbdur:2 q:23.37 aq:18.98 tex:194262 mv:62347 misc:14503 imb:754 pmb:10077 smb:5224 d:s ref:0 ;
in:385 out:387 type:b dur:2 cpbdur:2 q:23.37 aq:19.98 tex:82286 mv:40558 misc:15332 imb:442 pmb:6932 smb:8681 d:s ref:0 ;
in:387 out:388 type:b dur:2 cpbdur:2 q:23.36 aq:19.90 tex:82850 mv:39340 misc:15266 imb:447 pmb:6908 smb:8700 d:- ref:0 ;
in:392 out:389 type:P dur:2 cpbdur:2 q:23.36 aq:16.37 tex:1125494 mv:83397 misc:2733 imb:2245 pmb:13483 smb:327 d:s ref:0 ;
in:390 out:390 type:B dur:2 cpbdur:2 q:23.36 aq:19.04 tex:205813 mv:64534 misc:14149 imb:783 pmb:10467 smb:4805 d:s ref:0 ;
in:389 out:391 type:b dur:2 cpbdur:2 q:23.36 aq:19.97 tex:84794 mv:40253 misc:15305 imb:479 pmb:6852 smb:8724 d:s ref:0 ;
in:391 out:392 type:b dur:2 cpbdur:2 q:23.36 aq:19.89 tex:80895 mv:38936 misc:15233 imb:414 pmb:6819 smb:8822 d:- ref:0 ;
in:396 out:393 type:P dur:2 cpbdur:2 q:23.35 aq:16.36 tex:1134005 mv:83416 misc:2627 imb:2223 pmb:13518 smb:314 d:s ref:0 ;
in:394 out:394 type:B dur:2 cpbdur:2 q:23.36 aq:18.99 tex:211250 mv:64999 misc:14031 imb:810 pmb:10456 smb:4789 d:s ref:0 ;
in:393 out:395 type:b dur:2 cpbdur:2 q:23.36 aq:19.94 tex:87846 mv:41283 misc:15407 imb:458 pmb:7058 smb:8539 d:s ref:0 ;
in:395 out:396 type:b dur:2 cpbdur:2 q:23.35 aq:19.88 tex:83645 mv:39876 misc:15039 imb:455 pmb:6886 smb:8714 d:- ref:0 ;
in:400 out:397 type:P dur:2 cpbdur:2 q:23.36 aq:16.35 tex:1070574 mv:83292 misc:2726 imb:2259 pmb:13471 smb:325 d:s ref:0 ;
in:398 out:398 type:B dur:2 cpbdur:2 q:23.35 aq:18.90 tex:200111 mv:65396 misc:14381 imb:803 pmb:10183 smb:5069 d:s ref:0 ;
in:397 out:399 type:b dur:2 cpbdur:2 q:23.35 aq:19.88 tex:84159 mv:41397 misc:15308 imb:442 pmb:6868 smb:8745 d:s ref:0 ;
in:399 out:400 type:b dur:2 cpbdur:2 q:23.35 aq:19.82 tex:78608 mv:41557 misc:15171 imb:462 pmb:6898 smb:8695 d:- ref:0 ;
in:404 out:401 type:P dur:2 cpbdur:2 q:23.34 aq:16.52 tex:1061110 mv:83613 misc:3013 imb:2264 pmb:13410 smb:381 d:s ref:0 ;
in:402 out:402 type:B dur:2 cpbdur:2 q:23.35 aq:18.95 tex:213828 mv:65879 misc:13949 imb:764 pmb:10655 smb:4636 d:s ref:0 ;
in:401 out:403 type:b dur:2 cpbdur:2 q:23.35 aq:19.93 tex:90842 mv:42619 misc:15347 imb:403 pmb:7383 smb:8269 d:s ref:0 ;
in:403 out:404 type:b dur:2 cpbdur:2 q:23.34 aq:19.87 tex:87174 mv:41751 misc:15299 imb:474 pmb:7120 smb:8461 d:- ref:0 ;
in:408 out:405 type:P dur:2 cpbdur:2 q:23.31 aq:16.50 tex:1395827 mv:88052 misc:2281 imb:2890 pmb:12897 smb:268 d:s ref:0 ;
in:406 out:406 type:B dur:2 cpbdur:2 q:23.32 aq:18.79 tex:253795 mv:65477 misc:13200 imb:834 pmb:11109 smb:4112 d:s ref:0 ;
in:405 out:407 type:b dur:2 cpbdur:2 q:23.33 aq:19.87 tex:87028 mv:40807 misc:15301 imb:434 pmb:7042 smb:8579 d:s ref:0 ;
in:407 out:408 type:b dur:2 cpbdur:2 q:23.32 aq:19.99 tex:107954 mv:45137 misc:15309 imb:667 pmb:7606 smb:7782 d:- ref:0 ;
in:412 out:409 type:P dur:2 cpbdur:2 q:23.32 aq:16.50 tex:1135550 mv:85476 misc:2038 imb:2515 pmb:13378 smb:162 d:s ref:0 ;
in:410 out:410 type:B dur:2 cpbdur:2 q:23.31 aq:19.02 tex:227966 mv:69233 misc:13049 imb:981 pmb:10896 smb:4178 d:s ref:0 ;
in:409 out:411 type:b dur:2 cpbdur:2 q:23.31 aq:19.83 tex:97144 mv:44828 misc:15308 imb:602 pmb:7549 smb:7904 d:s ref:0 ;
in:411 out:412 type:b dur:2 cpbdur:2 q:23.31 aq:20.00 tex:101743 mv:45085 misc:15092 imb:552 pmb:8002 smb:7501 d:- ref:0 ;
in:416 out:413 type:P dur:2 cpbdur:2 q:23.32 aq:16.46 tex:1063941 mv:83914 misc:2561 imb:2427 pmb:13345 smb:283 d:s ref:0 ;
in:414 out:414 type:B dur:2 cpbdur:2 q:23.32 aq:19.03 tex:218784 mv:65823 misc:13617 imb:769 pmb:10915 smb:4371 d:s ref:0 ;
in:413 out:415 type:b dur:2 cpbdur:2 q:23.32 aq:20.01 tex:99222 mv:43835 misc:15263 imb:479 pmb:7780 smb:7796 d:s ref:0 ;
in:415 out:416 type:b dur:2 cpbdur:2 q:23.32 aq:19.70 tex:85897 mv:41435 misc:15180 imb:492 pmb:7021 smb:8542 d:- ref:0 ;
in:420 out:417 type:P dur:2 cpbdur:2 q:23.30 aq:16.66 tex:995313 mv:85094 misc:2793 imb:2364 pmb:13384 smb:307 d:s ref:0 ;
in:418 out:418 type:B dur:2 cpbdur:2 q:23.31 aq:18.96 tex:214587 mv:64436 misc:14017 imb:798 pmb:10647 smb:4610 d:s ref:0 ;
in:417 out:419 type:b dur:2 cpbdur:2 q:23.31 aq:19.94 tex:92629 mv:44877 misc:15278 imb:447 pmb:7533 smb:8075 d:s ref:0 ;
in:419 out:420 type:b dur:2 cpbdur:2 q:23.30 aq:19.87 tex:86896 mv:42546 misc:15294 imb:512 pmb:7079 smb:8464 d:- ref:0 ;
in:424 out:421 type:P dur:2 cpbdur:2 q:23.28 aq:16.81 tex:940629 mv:84889 misc:2994 imb:2392 pmb:13298 smb:365 d:s ref:0 ;
in:422 out:422 type:B dur:2 cpbdur:2 q:23.29 aq:18.89 tex:225126 mv:66753 misc:13665 imb:824 pmb:10896 smb:4335 d:s ref:0 ;
in:421 out:423 type:b dur:2 cpbdur:2 q:23.29 aq:19.79 tex:91711 mv:44121 misc:15608 imb:508 pmb:7337 smb:8210 d:s ref:0 ;
in:423 out:424 type:b dur:2 cpbdur:2 q:23.28 aq:19.81 tex:91674 mv:41408 misc:15350 imb:470 pmb:7204 smb:8381 d:- ref:0 ;
in:428 out:425 type:P dur:2 cpbdur:2 q:23.29 aq:17.25 tex:815977 mv:83144 misc:3455 imb:2323 pmb:13294 smb:438 d:s ref:0 ;
in:426 out:426 type:B dur:2 cpbdur:2 q:23.28 aq:18.93 tex:229397 mv:66304 misc:13579 imb:806 pmb:10915 smb:4334 d:s ref:0 ;
in:425 out:427 type:b dur:2 cpbdur:2 q:23.28 aq:19.90 tex:92462 mv:43695 misc:15475 imb:453 pmb:7422 smb:8180 d:s ref:0 ;
in:427 out:428 type:b dur:2 cpbdur:2 q:23.29 aq:19.80 tex:91438 mv:44207 misc:15395 imb:465 pmb:7381 smb:8209 d:- ref:0 ;
in:432 out:429 type:P dur:2 cpbdur:2 q:23.29 aq:18.09 tex:581951 mv:82502 misc:5123 imb:2429 pmb:12867 smb:759 d:s ref:0 ;
in:430 out:430 type:B dur:2 cpbdur:2 q:23.29 aq:18.90 tex:251710 mv:70704 misc:13042 imb:764 pmb:11386 smb:3905 d:s ref:0 ;
in:429 out:431 type:b dur:2 cpbdur:2 q:23.29 aq:19.85 tex:92052 mv:41527 misc:15445 imb:420 pmb:7184 smb:8451 d:s ref:0 ;
in:431 out:432 type:b dur:2 cpbdur:2 q:23.29 aq:19.93 tex:102791 mv:44935 misc:15826 imb:489 pmb:7826 smb:7740 d:- ref:0 ;
in:435 out:433 type:P dur:2 cpbdur:2 q:23.25 aq:19.97 tex:221816 mv:64980 misc:13084 imb:2151 pmb:9488 smb:4416 d:s ref:0 ;
in:433 out:434 type:B dur:2 cpbdur:2 q:23.28 aq:19.97 tex:108511 mv:39877 misc:15708 imb:562 pmb:7043 smb:8450 d:s ref:0 ;
in:434 out:435 type:b dur:2 cpbdur:2 q:23.26 aq:20.05 tex:134061 mv:51415 misc:15556 imb:509 pmb:9191 smb:6355 d:- ref:0 ;
in:436 out:436 type:I dur:2 cpbdur:2 q:20.39 aq:12.85 tex:3388996 mv:617411 misc:761 imb:16055 pmb:0 smb:0 d:s ref:;
in:440 out:437 type:P dur:2 cpbdur:2 q:23.63 aq:16.20 tex:1342547 mv:78990 misc:2503 imb:2256 pmb:13447 smb:352 d:s ref:0 ;
in:438 out:438 type:B dur:2 cpbdur:2 q:23.63 aq:19.29 tex:203871 mv:62691 misc:14438 imb:733 pmb:10261 smb:5061 d:s ref:0 ;
in:437 out:439 type:b dur:2 cpbdur:2 q:23.63 aq:20.05 tex:81165 mv:40376 misc:15451 imb:392 pmb:6748 smb:8915 d:s ref:0 ;
in:439 out:440 type:b dur:2 cpbdur:2 q:23.63 aq:20.19 tex:82658 mv:36945 misc:15237 imb:378 pmb:6934 smb:8743 d:- ref:0 ;
in:444 out:441 type:P dur:2 cpbdur:2 q:23.62 aq:16.19 tex:1238144 mv:80047 misc:2841 imb:2083 pmb:13542 smb:430 d:s ref:0 ;
in:442 out:442 type:B dur:2 cpbdur:2 q:23.62 aq:19.13 tex:186574 mv:60048 misc:14978 imb:727 pmb:9627 smb:5701 d:s ref:0 ;
in:441 out:443 type:b dur:2 cpbdur:2 q:23.62 aq:20.13 tex:71757 mv:35873 misc:14954 imb:402 pmb:6069 smb:9584 d:s ref:0 ;
in:443 out:444 type:b dur:2 cpbdur:2 q:23.62 aq:20.09 tex:71025 mv:33386 misc:14789 imb:392 pmb:5959 smb:9704 d:- ref:0 ;
in:448 out:445 type:P dur:2 cpbdur:2 q:23.58 aq:16.13 tex:1237774 mv:80254 misc:2684 imb:2082 pmb:13597 smb:376 d:s ref:0 ;
in:446 out:446 type:B dur:2 cpbdur:2 q:23.60 aq:19.14 tex:188378 mv:61058 misc:14844 imb:763 pmb:9710 smb:5582 d:s ref:0 ;
in:445 out:447 type:b dur:2 cpbdur:2 q:23.61 aq:20.17 tex:75545 mv:37701 misc:15162 imb:376 pmb:6337 smb:9342 d:s ref:0 ;
in:447 out:448 type:b dur:2 cpbdur:2 q:23.59 aq:20.00 tex:72711 mv:37699 misc:14958 imb:377 pmb:6470 smb:9208 d:- ref:0 ;
in:452 out:449 type:P dur:2 cpbdur:2 q:23.54 aq:16.03 tex:1205629 mv:81691 misc:2624 imb:2175 pmb:13520 smb:360 d:s ref:0 ;
in:450 out:450 type:B dur:2 cpbdur:2 q:23.56 aq:19.07 tex:179827 mv:60825 misc:14820 imb:722 pmb:9597 smb:5736 d:s ref:0 ;
in:449 out:451 type:b dur:2 cpbdur:2 q:23.57 aq:19.97 tex:67459 mv:35905 misc:14700 imb:383 pmb:5865 smb:9807 d:s ref:0 ;
in:451 out:452 type:b dur:2 cpbdur:2 q:23.55 aq:19.98 tex:62156 mv:33607 misc:14565 imb:352 pmb:5684 smb:10019 d:- ref:0 ;
in:456 out:453 type:P dur:2 cpbdur:2 q:23.45 aq:16.06 tex:1259534 mv:80864 misc:2610 imb:2025 pmb:13646 smb:384 d:s ref:0 ;
in:454 out:454 type:B dur:2 cpbdur:2 q:23.49 aq:19.14 tex:190978 mv:61447 misc:14551 imb:684 pmb:9986 smb:5385 d:s ref:0 ;
in:453 out:455 type:b dur:2 cpbdur:2 q:23.52 aq:19.90 tex:66848 mv:35387 misc:14893 imb:344 pmb:5955 smb:9756 d:s ref:0 ;
in:455 out:456 type:b dur:2 cpbdur:2 q:23.47 aq:19.96 tex:73249 mv:35949 misc:14978 imb:340 pmb:6296 smb:9419 d:- ref:0 ;
in:460 out:457 type:P dur:2 cpbdur:2 q:23.45 aq:16.00 tex:1233178 mv:81218 misc:2556 imb:1979 pmb:13717 smb:359 d:s ref:0 ;
in:458 out:458 type:B dur:2 cpbdur:2 q:23.45 aq:19.00 tex:195877 mv:63378 misc:14473 imb:672 pmb:10071 smb:5312 d:s ref:0 ;
in:457 out:459 type:b dur:2 cpbdur:2 q:23.45 aq:19.85 tex:78683 mv:37026 misc:15011 imb:369 pmb:6326 smb:9360 d:s ref:0 ;
in:459 out:460 type:b dur:2 cpbdur:2 q:23.45 aq:19.85 tex:67351 mv:35647 misc:14882 imb:355 pmb:6050 smb:9650 d:- ref:0 ;
in:464 out:461 type:P dur:2 cpbdur:2 q:23.44 aq:16.12 tex:1165452 mv:79679 misc:2829 imb:1954 pmb:13719 smb:382 d:s ref:0 ;
in:462 out:462 type:B dur:2 cpbdur:2 q:23.45 aq:19.03 tex:190090 mv:60707 misc:14755 imb:645 pmb:9870 smb:5540 d:s ref:0 ;
in:461 out:463 type:b dur:2 cpbdur:2 q:23.45 aq:19.94 tex:70190 mv:34874 misc:14928 imb:306 pmb:5967 smb:9782 d:s ref:0 ;
in:463 out:464 type:b dur:2 cpbdur:2 q:23.45 aq:19.83 tex:69391 mv:34128 misc:14881 imb:335 pmb:5996 smb:9724 d:- ref:0 ;
in:468 out:465 type:P dur:2 cpbdur:2 q:23.45 aq:16.03 tex:1391987 mv:79144 misc:2421 imb:1977 pmb:13752 smb:326 d:s ref:0 ;
in:466 out:466 type:B dur:2 cpbdur:2 q:23.45 aq:19.46 tex:310948 mv:67293 misc:12159 imb:967 pmb:11667 smb:3421 d:s ref:0 ;
in:465 out:467 type:b dur:2 cpbdur:2 q:23.45 aq:20.15 tex:91973 mv:40120 misc:15195 imb:444 pmb:6840 smb:8771 d:s ref:0 ;
in:467 out:468 type:b dur:2 cpbdur:2 q:23.45 aq:19.95 tex:78647 mv:35445 misc:15020 imb:380 pmb:6392 smb:9283 d:- ref:0 ;
in:472 out:469 type:P dur:2 cpbdur:2 q:23.50 aq:16.04 tex:1252727 mv:79282 misc:2535 imb:1934 pmb:13789 smb:332 d:s ref:0 ;
in:470 out:470 type:B dur:2 cpbdur:2 q:23.47 aq:19.19 tex:216988 mv:63870 misc:14006 imb:675 pmb:10561 smb:4819 d:s ref:0 ;
in:469 out:471 type:b dur:2 cpbdur:2 q:23.46 aq:20.08 tex:85281 mv:38052 misc:15347 imb:388 pmb:6741 smb:8926 d:s ref:0 ;
in:471 out:472 type:b dur:2 cpbdur:2 q:23.49 aq:19.99 tex:70953 mv:32894 misc:14889 imb:298 pmb:6101 smb:9656 d:- ref:0 ;
in:476 out:473 type:P dur:2 cpbdur:2 q:23.53 aq:16.10 tex:1231846 mv:79992 misc:2522 imb:1950 pmb:13781 smb:324 d:s ref:0 ;
in:474 out:474 type:B dur:2 cpbdur:2 q:23.52 aq:19.25 tex:196644 mv:60489 misc:14771 imb:600 pmb:10037 smb:5418 d:s ref:0 ;
in:473 out:475 type:b dur:2 cpbdur:2 q:23.51 aq:20.09 tex:70908 mv:33257 misc:14755 imb:324 pmb:5948 smb:9783 d:s ref:0 ;
in:475 out:476 type:b dur:2 cpbdur:2 q:23.53 aq:20.20 tex:73110 mv:33643 misc:14943 imb:296 pmb:6074 smb:9685 d:- ref:0 ;
in:480 out:477 type:P dur:2 cpbdur:2 q:23.57 aq:16.17 tex:1212150 mv:79741 misc:2557 imb:1829 pmb:13870 smb:356 d:s ref:0 ;
in:478 out:478 type:B dur:2 cpbdur:2 q:23.55 aq:19.31 tex:182458 mv:58272 misc:15054 imb:605 pmb:9621 smb:5829 d:s ref:0 ;
in:477 out:479 type:b dur:2 cpbdur:2 q:23.54 aq:20.20 tex:68424 mv:32986 misc:14734 imb:316 pmb:5781 smb:9958 d:s ref:0 ;
in:479 out:480 type:b dur:2 cpbdur:2 q:23.56 aq:20.17 tex:63633 mv:31367 misc:14592 imb:280 pmb:5717 smb:10058 d:- ref:0 ;
in:484 out:481 type:P dur:2 cpbdur:2 q:23.57 aq:16.22 tex:1204731 mv:80485 misc:2400 imb:1834 pmb:13927 smb:294 d:s ref:0 ;
in:482 out:482 type:B dur:2 cpbdur:2 q:23.57 aq:19.32 tex:185180 mv:60764 misc:14888 imb:577 pmb:9869 smb:5609 d:s ref:0 ;
in:481 out:483 type:b dur:2 cpbdur:2 q:23.57 aq:20.28 tex:66638 mv:34803 misc:14935 imb:297 pmb:5978 smb:9780 d:s ref:0 ;
in:483 out:484 type:b dur:2 cpbdur:2 q:23.57 aq:19.99 tex:64090 mv:32274 misc:14524 imb:323 pmb:5650 smb:10082 d:- ref:0 ;
in:488 out:485 type:P dur:2 cpbdur:2 q:23.58 aq:16.26 tex:1197713 mv:78780 misc:2787 imb:1847 pmb:13838 smb:370 d:s ref:0 ;
in:486 out:486 type:B dur:2 cpbdur:2 q:23.58 aq:19.26 tex:178343 mv:57513 misc:14992 imb:631 pmb:9573 smb:5851 d:s ref:0 ;
in:485 out:487 type:b dur:2 cpbdur:2 q:23.57 aq:20.15 tex:68129 mv:32529 misc:14878 imb:291 pmb:5863 smb:9901 d:s ref:0 ;
in:487 out:488 type:b dur:2 cpbdur:2 q:23.58 aq:20.18 tex:64203 mv:33041 misc:14636 imb:313 pmb:5870 smb:9872 d:- ref:0 ;
in:492 out:489 type:P dur:2 cpbdur:2 q:23.59 aq:16.46 tex:1200382 mv:77567 misc:2859 imb:1693 pmb:13965 smb:397 d:s ref:0 ;
in:490 out:490 type:B dur:2 cpbdur:2 q:23.58 aq:19.26 tex:190231 mv:56393 misc:14840 imb:566 pmb:9802 smb:5687 d:s ref:0 ;
in:489 out:491 type:b dur:2 cpbdur:2 q:23.58 aq:20.18 tex:68571 mv:33529 misc:14820 imb:295 pmb:5998 smb:9762 d:s ref:0 ;
in:491 out:492 type:b dur:2 cpbdur:2 q:23.58 aq:20.19 tex:65194 mv:34046 misc:14728 imb:306 pmb:5855 smb:9894 d:- ref:0 ;
in:496 out:493 type:P dur:2 cpbdur:2 q:23.56 aq:16.16 tex:1589595 mv:82393 misc:2028 imb:2441 pmb:13379 smb:235 d:s ref:0 ;
in:494 out:494 type:B dur:2 cpbdur:2 q:23.58 aq:19.14 tex:231794 mv:60743 misc:13919 imb:677 pmb:10546 smb:4832 d:s ref:0 ;
in:493 out:495 type:b dur:2 cpbdur:2 q:23.58 aq:20.19 tex:72460 mv:34611 misc:14809 imb:304 pmb:6145 smb:9606 d:s ref:0 ;
in:495 out:496 type:b dur:2 cpbdur:2 q:23.57 aq:20.35 tex:85162 mv:39695 misc:15519 imb:405 pmb:6902 smb:8748 d:- ref:0 ;
in:500 out:497 type:P dur:2 cpbdur:2 q:23.58 aq:16.21 tex:1340139 mv:78462 misc:2375 imb:1842 pmb:13901 smb:312 d:s ref:0 ;
in:498 out:498 type:B dur:2 cpbdur:2 q:23.57 aq:19.40 tex:204193 mv:56984 misc:14599 imb:622 pmb:10225 smb:5208 d:s ref:0 ;
in:497 out:499 type:b dur:2 cpbdur:2 q:23.57 aq:20.32 tex:83419 mv:37724 misc:15193 imb:366 pmb:6770 smb:8919 d:s ref:0 ;
in:499 out:500 type:b dur:2 cpbdur:2 q:23.57 aq:20.20 tex:68882 mv:32724 misc:14802 imb:295 pmb:6048 smb:9712 d:- ref:0 ;
in:504 out:501 type:P dur:2 cpbdur:2 q:23.59 aq:16.20 tex:1256856 mv:79021 misc:2355 imb:1764 pmb:13982 smb:309 d:s ref:0 ;
in:502 out:502 type:B dur:2 cpbdur:2 q:23.58 aq:19.29 tex:182111 mv:57732 misc:15117 imb:637 pmb:9557 smb:5861 d:s ref:0 ;
in:501 out:503 type:b dur:2 cpbdur:2 q:23.58 aq:20.32 tex:76740 mv:36177 misc:15235 imb:284 pmb:6412 smb:9359 d:s ref:0 ;
in:503 out:504 type:b dur:2 cpbdur:2 q:23.58 aq:20.17 tex:62230 mv:31864 misc:14706 imb:278 pmb:5586 smb:10191 d:- ref:0 ;
in:508 out:505 type:P dur:2 cpbdur:2 q:23.58 aq:16.19 tex:1263261 mv:79400 misc:2323 imb:1832 pmb:13971 smb:252 d:s ref:0 ;
in:506 out:506 type:B dur:2 cpbdur:2 q:23.58 aq:19.41 tex:180672 mv:58043 misc:14965 imb:586 pmb:9628 smb:5841 d:s ref:0 ;
in:505 out:507 type:b dur:2 cpbdur:2 q:23.58 aq:20.26 tex:63789 mv:31044 misc:14431 imb:251 pmb:5527 smb:10277 d:s ref:0 ;
in:507 out:508 type:b dur:2 cpbdur:2 q:23.58 aq:20.24 tex:62460 mv:32521 misc:14635 imb:293 pmb:5759 smb:10003 d:- ref:0 ;
in:512 out:509 type:P dur:2 cpbdur:2 q:23.59 aq:16.26 tex:1251154 mv:79937 misc:2325 imb:1794 pmb:13995 smb:266 d:s ref:0 ;
in:510 out:510 type:B dur:2 cpbdur:2 q:23.59 aq:19.43 tex:181661 mv:55604 misc:15087 imb:517 pmb:9519 smb:6019 d:s ref:0 ;
in:509 out:511 type:b dur:2 cpbdur:2 q:23.58 aq:20.16 tex:65774 mv:30746 misc:14248 imb:299 pmb:5485 smb:10271 d:s ref:0 ;
in:511 out:512 type:b dur:2 cpbdur:2 q:23.59 aq:20.35 tex:66208 mv:33526 misc:14714 imb:290 pmb:5866 smb:9899 d:- ref:0 ;
in:516 out:513 type:P dur:2 cpbdur:2 q:23.63 aq:16.32 tex:1237643 mv:79134 misc:2295 imb:1737 pmb:14062 smb:256 d:s ref:0 ;
in:514 out:514 type:B dur:2 cpbdur:2 q:23.61 aq:19.47 tex:182431 mv:55022 misc:15243 imb:513 pmb:9592 smb:5950 d:s ref:0 ;
in:513 out:515 type:b dur:2 cpbdur:2 q:23.60 aq:20.14 tex:66589 mv:32478 misc:14701 imb:311 pmb:5678 smb:10066 d:s ref:0 ;
in:515 out:516 type:b dur:2 cpbdur:2 q:23.62 aq:20.33 tex:64684 mv:32066 misc:14386 imb:304 pmb:5619 smb:10132 d:- ref:0 ;
in:520 out:517 type:P dur:2 cpbdur:2 q:23.66 aq:16.37 tex:1239852 mv:78344 misc:2428 imb:1755 pmb:14045 smb:255 d:s ref:0 ;
in:518 out:518 type:B dur:2 cpbdur:2 q:23.64 aq:19.51 tex:180282 mv:55123 misc:15147 imb:562 pmb:9481 smb:6012 d:s ref:0 ;
in:517 out:519 type:b dur:2 cpbdur:2 q:23.63 aq:20.32 tex:67323 mv:33743 misc:14574 imb:307 pmb:5802 smb:9946 d:s ref:0 ;
in:519 out:520 type:b dur:2 cpbdur:2 q:23.65 aq:20.39 tex:63121 mv:32135 misc:14624 imb:313 pmb:5669 smb:10073 d:- ref:0 ;
in:524 out:521 type:P dur:2 cpbdur:2 q:23.66 aq:16.50 tex:1201909 mv:77084 misc:2743 imb:1671 pmb:14036 smb:348 d:s ref:0 ;
in:522 out:522 type:B dur:2 cpbdur:2 q:23.66 aq:19.58 tex:173624 mv:54808 misc:15240 imb:542 pmb:9315 smb:6198 d:s ref:0 ;
in:521 out:523 type:b dur:2 cpbdur:2 q:23.66 aq:20.30 tex:64961 mv:33093 misc:14666 imb:269 pmb:5746 smb:10040 d:s ref:0 ;
in:523 out:524 type:b dur:2 cpbdur:2 q:23.66 aq:20.31 tex:63463 mv:33713 misc:14608 imb:286 pmb:5830 smb:9939 d:- ref:0 ;
in:528 out:525 type:P dur:2 cpbdur:2 q:23.64 aq:16.37 tex:1372902 mv:78831 misc:2051 imb:1758 pmb:14101 smb:196 d:s ref:0 ;
in:526 out:526 type:B dur:2 cpbdur:2 q:23.65 aq:19.96 tex:287151 mv:61569 misc:13144 imb:781 pmb:11136 smb:4138 d:s ref:0 ;
in:525 out:527 type:b dur:2 cpbdur:2 q:23.66 aq:20.46 tex:75993 mv:36353 misc:15086 imb:362 pmb:6257 smb:9436 d:s ref:0 ;
in:527 out:528 type:b dur:2 cpbdur:2 q:23.65 aq:20.37 tex:77064 mv:33635 misc:15005 imb:356 pmb:6175 smb:9524 d:- ref:0 ;
in:532 out:529 type:P dur:2 cpbdur:2 q:23.65 aq:16.36 tex:1270118 mv:78115 misc:2351 imb:1694 pmb:14109 smb:252 d:s ref:0 ;
in:530 out:530 type:B dur:2 cpbdur:2 q:23.65 aq:19.60 tex:195640 mv:56535 misc:14737 imb:539 pmb:9960 smb:5556 d:s ref:0 ;
in:529 out:531 type:b dur:2 cpbdur:2 q:23.65 aq:20.48 tex:75763 mv:34387 misc:15106 imb:304 pmb:6174 smb:9577 d:s ref:0 ;
in:531 out:532 type:b dur:2 cpbdur:2 q:23.65 aq:20.39 tex:63468 mv:32139 misc:14705 imb:266 pmb:5748 smb:10041 d:- ref:0 ;
in:536 out:533 type:P dur:2 cpbdur:2 q:23.63 aq:16.34 tex:1258532 mv:77931 misc:2385 imb:1653 pmb:14136 smb:266 d:s ref:0 ;
in:534 out:534 type:B dur:2 cpbdur:2 q:23.64 aq:19.59 tex:182040 mv:52874 misc:15278 imb:491 pmb:9535 smb:6029 d:s ref:0 ;
in:533 out:535 type:b dur:2 cpbdur:2 q:23.65 aq:20.43 tex:65985 mv:31651 misc:14764 imb:286 pmb:5721 smb:10048 d:s ref:0 ;
in:535 out:536 type:b dur:2 cpbdur:2 q:23.64 aq:20.43 tex:62533 mv:32312 misc:14739 imb:268 pmb:5726 smb:10061 d:- ref:0 ;
in:540 out:537 type:P dur:2 cpbdur:2 q:23.63 aq:16.41 tex:1252452 mv:78987 misc:2385 imb:1676 pmb:14123 smb:256 d:s ref:0 ;
in:538 out:538 type:B dur:2 cpbdur:2 q:23.63 aq:19.63 tex:184068 mv:54032 misc:15324 imb:512 pmb:9499 smb:6044 d:s ref:0 ;
in:537 out:539 type:b dur:2 cpbdur:2 q:23.63 aq:20.57 tex:67731 mv:32083 misc:14834 imb:264 pmb:5741 smb:10050 d:s ref:0 ;
in:539 out:540 type:b dur:2 cpbdur:2 q:23.63 aq:20.53 tex:62328 mv:30601 misc:14735 imb:255 pmb:5474 smb:10326 d:- ref:0 ;
in:544 out:541 type:P dur:2 cpbdur:2 q:23.62 aq:16.46 tex:1267943 mv:78340 misc:2501 imb:1691 pmb:14094 smb:270 d:s ref:0 ;
in:542 out:542 type:B dur:2 cpbdur:2 q:23.62 aq:19.69 tex:183715 mv:54476 misc:15297 imb:511 pmb:9453 smb:6091 d:s ref:0 ;
in:541 out:543 type:b dur:2 cpbdur:2 q:23.62 aq:20.50 tex:67733 mv:33572 misc:14751 imb:318 pmb:5705 smb:10032 d:s ref:0 ;
in:543 out:544 type:b dur:2 cpbdur:2 q:23.62 aq:20.47 tex:63363 mv:32391 misc:14734 imb:262 pmb:5654 smb:10139 d:- ref:0 ;
in:548 out:545 type:P dur:2 cpbdur:2 q:23.64 aq:16.58 tex:1254570 mv:78257 misc:2165 imb:1646 pmb:14213 smb:196 d:s ref:0 ;
in:546 out:546 type:B dur:2 cpbdur:2 q:23.63 aq:19.67 tex:179598 mv:55325 misc:15413 imb:468 pmb:9462 smb:6125 d:s ref:0 ;
in:545 out:547 type:b dur:2 cpbdur:2 q:23.62 aq:20.53 tex:68977 mv:34213 misc:15026 imb:281 pmb:5860 smb:9914 d:s ref:0 ;
in:547 out:548 type:b dur:2 cpbdur:2 q:23.63 aq:20.58 tex:64146 mv:32354 misc:14660 imb:266 pmb:5674 smb:10115 d:- ref:0 ;
in:552 out:549 type:P dur:2 cpbdur:2 q:23.66 aq:16.73 tex:1229357 mv:78067 misc:2432 imb:1546 pmb:14273 smb:236 d:s ref:0 ;
in:550 out:550 type:B dur:2 cpbdur:2 q:23.65 aq:19.65 tex:185972 mv:55705 misc:15251 imb:496 pmb:9387 smb:6172 d:s ref:0 ;
in:549 out:551 type:b dur:2 cpbdur:2 q:23.64 aq:20.53 tex:66893 mv:34145 misc:14714 imb:296 pmb:5699 smb:10060 d:s ref:0 ;
in:551 out:552 type:b dur:2 cpbdur:2 q:23.66 aq:20.52 tex:59961 mv:30802 misc:14525 imb:221 pmb:5491 smb:10343 d:- ref:0 ;
in:556 out:553 type:P dur:2 cpbdur:2 q:23.66 aq:16.65 tex:1676131 mv:81706 misc:1443 imb:2201 pmb:13774 smb:80 d:s ref:0 ;
in:554 out:554 type:B dur:2 cpbdur:2 q:23.66 aq:19.71 tex:232766 mv:60888 misc:14186 imb:596 pmb:10500 smb:4959 d:s ref:0 ;
in:553 out:555 type:b dur:2 cpbdur:2 q:23.66 aq:20.60 tex:69382 mv:34858 misc:14880 imb:320 pmb:5831 smb:9904 d:s ref:0 ;
in:555 out:556 type:b dur:2 cpbdur:2 q:23.66 aq:20.77 tex:82935 mv:36829 misc:15308 imb:364 pmb:6549 smb:9142 d:- ref:0 ;
in:560 out:557 type:P dur:2 cpbdur:2 q:23.69 aq:16.60 tex:1341202 mv:78416 misc:1798 imb:1773 pmb:14161 smb:121 d:s ref:0 ;
in:558 out:558 type:B dur:2 cpbdur:2 q:23.68 aq:19.85 tex:185301 mv:54444 misc:15287 imb:534 pmb:9445 smb:6076 d:s ref:0 ;
in:557 out:559 type:b dur:2 cpbdur:2 q:23.67 aq:20.74 tex:72483 mv:35211 misc:14906 imb:334 pmb:5995 smb:9726 d:s ref:0 ;
in:559 out:560 type:b dur:2 cpbdur:2 q:23.69 aq:20.60 tex:60850 mv:31276 misc:14394 imb:257 pmb:5360 smb:10438 d:- ref:0 ;
in:564 out:561 type:P dur:2 cpbdur:2 q:23.70 aq:16.57 tex:1319177 mv:78661 misc:1994 imb:1579 pmb:14298 smb:178 d:s ref:0 ;
in:562 out:562 type:B dur:2 cpbdur:2 q:23.70 aq:19.94 tex:175225 mv:54713 misc:15398 imb:524 pmb:9157 smb:6374 d:s ref:0 ;
in:561 out:563 type:b dur:2 cpbdur:2 q:23.70 aq:20.88 tex:66159 mv:33573 misc:14764 imb:243 pmb:5731 smb:10081 d:s ref:0 ;
in:563 out:564 type:b dur:2 cpbdur:2 q:23.70 aq:20.81 tex:64779 mv:31456 misc:14621 imb:255 pmb:5539 smb:10261 d:- ref:0 ;
in:568 out:565 type:P dur:2 cpbdur:2 q:23.69 aq:16.63 tex:1279786 mv:78793 misc:1893 imb:1667 pmb:14267 smb:121 d:s ref:0 ;
in:566 out:566 type:B dur:2 cpbdur:2 q:23.69 aq:19.94 tex:180996 mv:54329 misc:15227 imb:468 pmb:9380 smb:6207 d:s ref:0 ;
in:565 out:567 type:b dur:2 cpbdur:2 q:23.70 aq:20.82 tex:60844 mv:30882 misc:14778 imb:223 pmb:5518 smb:10314 d:s ref:0 ;
in:567 out:568 type:b dur:2 cpbdur:2 q:23.69 aq:20.75 tex:63994 mv:31393 misc:14549 imb:248 pmb:5522 smb:10285 d:- ref:0 ;
in:572 out:569 type:P dur:2 cpbdur:2 q:23.69 aq:16.60 tex:1303081 mv:79064 misc:1903 imb:1605 pmb:14310 smb:140 d:s ref:0 ;
in:570 out:570 type:B dur:2 cpbdur:2 q:23.69 aq:19.86 tex:180231 mv:56485 misc:15212 imb:494 pmb:9431 smb:6130 d:s ref:0 ;
in:569 out:571 type:b dur:2 cpbdur:2 q:23.69 aq:20.68 tex:66596 mv:33999 misc:14877 imb:281 pmb:5787 smb:9987 d:s ref:0 ;
in:571 out:572 type:b dur:2 cpbdur:2 q:23.69 aq:20.81 tex:63839 mv:32012 misc:14765 imb:230 pmb:5650 smb:10175 d:- ref:0 ;
in:576 out:573 type:P dur:2 cpbdur:2 q:23.70 aq:16.69 tex:1278170 mv:78063 misc:1855 imb:1460 pmb:14468 smb:127 d:s ref:0 ;
in:574 out:574 type:B dur:2 cpbdur:2 q:23.70 aq:19.84 tex:183381 mv:56791 misc:15236 imb:425 pmb:9626 smb:6004 d:s ref:0 ;
in:573 out:575 type:b dur:2 cpbdur:2 q:23.69 aq:20.68 tex:62792 mv:31970 misc:14382 imb:225 pmb:5494 smb:10336 d:s ref:0 ;
in:575 out:576 type:b dur:2 cpbdur:2 q:23.70 aq:20.64 tex:56635 mv:28908 misc:14209 imb:173 pmb:5121 smb:10761 d:- ref:0 ;
in:580 out:577 type:P dur:2 cpbdur:2 q:23.71 aq:16.70 tex:1290599 mv:78816 misc:1913 imb:1566 pmb:14369 smb:120 d:s ref:0 ;
in:578 out:578 type:B dur:2 cpbdur:2 q:23.71 aq:19.88 tex:181369 mv:54215 misc:15344 imb:473 pmb:9373 smb:6209 d:s ref:0 ;
in:577 out:579 type:b dur:2 cpbdur:2 q:23.71 aq:20.70 tex:68470 mv:34283 misc:14735 imb:258 pmb:5762 smb:10035 d:s ref:0 ;
in:579 out:580 type:b dur:2 cpbdur:2 q:23.71 aq:20.65 tex:63242 mv:31148 misc:14522 imb:228 pmb:5612 smb:10215 d:- ref:0 ;
in:584 out:581 type:P dur:2 cpbdur:2 q:23.72 aq:16.73 tex:1286170 mv:78966 misc:1864 imb:1532 pmb:14397 smb:126 d:s ref:0 ;
in:582 out:582 type:B dur:2 cpbdur:2 q:23.72 aq:19.96 tex:183438 mv:56335 misc:15139 imb:474 pmb:9470 smb:6111 d:s ref:0 ;
in:581 out:583 type:b dur:2 cpbdur:2 q:23.72 aq:20.81 tex:66999 mv:31831 misc:14482 imb:235 pmb:5446 smb:10374 d:s ref:0 ;
in:583 out:584 type:b dur:2 cpbdur:2 q:23.72 aq:20.66 tex:63007 mv:30682 misc:14359 imb:262 pmb:5453 smb:10340 d:- ref:0 ;
in:588 out:585 type:P dur:2 cpbdur:2 q:23.73 aq:16.65 tex:1447442 mv:79865 misc:1557 imb:1558 pmb:14419 smb:78 d:s ref:0 ;
in:586 out:586 type:B dur:2 cpbdur:2 q:23.73 aq:20.45 tex:284875 mv:59385 misc:13260 imb:582 pmb:11118 smb:4355 d:s ref:0 ;
in:585 out:587 type:b dur:2 cpbdur:2 q:23.72 aq:20.75 tex:77335 mv:35549 misc:15068 imb:263 pmb:6129 smb:9663 d:s ref:0 ;
in:587 out:588 type:b dur:2 cpbdur:2 q:23.73 aq:20.80 tex:72189 mv:34757 misc:14974 imb:284 pmb:5989 smb:9782 d:- ref:0 ;
in:592 out:589 type:P dur:2 cpbdur:2 q:23.76 aq:16.67 tex:1307388 mv:78487 misc:1853 imb:1452 pmb:14479 smb:124 d:s ref:0 ;
in:590 out:590 type:B dur:2 cpbdur:2 q:23.74 aq:20.01 tex:184772 mv:56110 misc:15366 imb:422 pmb:9576 smb:6057 d:s ref:0 ;
in:589 out:591 type:b dur:2 cpbdur:2 q:23.74 aq:20.71 tex:69065 mv:33743 misc:14680 imb:267 pmb:5839 smb:9949 d:s ref:0 ;
in:591 out:592 type:b dur:2 cpbdur:2 q:23.75 aq:20.88 tex:62680 mv:31968 misc:14800 imb:255 pmb:5625 smb:10175 d:- ref:0 ;
in:596 out:593 type:P dur:2 cpbdur:2 q:23.76 aq:16.68 tex:1302861 mv:78125 misc:1942 imb:1312 pmb:14598 smb:145 d:s ref:0 ;
in:594 out:594 type:B dur:2 cpbdur:2 q:23.76 aq:19.99 tex:177372 mv:53388 misc:15328 imb:444 pmb:9311 smb:6300 d:s ref:0 ;
in:593 out:595 type:b dur:2 cpbdur:2 q:23.76 aq:20.96 tex:69684 mv:33956 misc:15048 imb:237 pmb:5860 smb:9958 d:s ref:0 ;
in:595 out:596 type:b dur:2 cpbdur:2 q:23.76 aq:20.84 tex:56815 mv:28883 misc:14422 imb:172 pmb:5297 smb:10586 d:- ref:0 ;
in:600 out:597 type:P dur:2 cpbdur:2 q:23.77 aq:16.72 tex:1315107 mv:79168 misc:1845 imb:1421 pmb:14518 smb:116 d:s ref:0 ;
in:598 out:598 type:B dur:2 cpbdur:2 q:23.77 aq:20.12 tex:181257 mv:54335 misc:15272 imb:455 pmb:9314 smb:6286 d:s ref:0 ;
in:597 out:599 type:b dur:2 cpbdur:2 q:23.76 aq:20.83 tex:66794 mv:33992 misc:14990 imb:221 pmb:5865 smb:9969 d:s ref:0 ;
in:599 out:600 type:b dur:2 cpbdur:2 q:23.77 aq:20.85 tex:63509 mv:31543 misc:14652 imb:198 pmb:5670 smb:10187 d:- ref:0 ;
in:604 out:601 type:P dur:2 cpbdur:2 q:23.78 aq:16.72 tex:1286969 mv:79093 misc:1618 imb:1267 pmb:14700 smb:88 d:s ref:0 ;
in:602 out:602 type:B dur:2 cpbdur:2 q:23.77 aq:20.07 tex:176092 mv:53141 misc:15591 imb:427 pmb:9128 smb:6500 d:s ref:0 ;
in:601 out:603 type:b dur:2 cpbdur:2 q:23.77 aq:20.79 tex:64944 mv:32441 misc:14671 imb:247 pmb:5580 smb:10228 d:s ref:0 ;
in:603 out:604 type:b dur:2 cpbdur:2 q:23.77 aq:21.00 tex:62566 mv:30662 misc:14580 imb:196 pmb:5562 smb:10297 d:- ref:0 ;
in:608 out:605 type:P dur:2 cpbdur:2 q:23.78 aq:16.86 tex:1275481 mv:78467 misc:1708 imb:1330 pmb:14625 smb:100 d:s ref:0 ;
in:606 out:606 type:B dur:2 cpbdur:2 q:23.78 aq:20.15 tex:190358 mv:54046 misc:15180 imb:385 pmb:9594 smb:6076 d:s ref:0 ;
in:605 out:607 type:b dur:2 cpbdur:2 q:23.78 aq:21.05 tex:65838 mv:31882 misc:14856 imb:185 pmb:5657 smb:10213 d:s ref:0 ;
in:607 out:608 type:b dur:2 cpbdur:2 q:23.78 aq:20.78 tex:68129 mv:33028 misc:14731 imb:245 pmb:5735 smb:10075 d:- ref:0 ;
in:612 out:609 type:P dur:2 cpbdur:2 q:23.79 aq:17.02 tex:1218602 mv:76760 misc:2046 imb:1192 pmb:14705 smb:158 d:s ref:0 ;
in:610 out:610 type:B dur:2 cpbdur:2 q:23.78 aq:19.95 tex:182205 mv:53434 misc:15297 imb:397 pmb:9434 smb:6224 d:s ref:0 ;
in:609 out:611 type:b dur:2 cpbdur:2 q:23.78 aq:20.89 tex:70446 mv:33963 misc:14887 imb:245 pmb:5913 smb:9897 d:s ref:0 ;
in:611 out:612 type:b dur:2 cpbdur:2 q:23.78 aq:20.70 tex:58470 mv:27940 misc:14214 imb:159 pmb:5209 smb:10687 d:- ref:0 ;
in:616 out:613 type:P dur:2 cpbdur:2 q:23.77 aq:16.83 tex:1660910 mv:83312 misc:1314 imb:2029 pmb:13969 smb:57 d:s ref:0 ;
in:614 out:614 type:B dur:2 cpbdur:2 q:23.78 aq:20.03 tex:241857 mv:59346 misc:14085 imb:427 pmb:10729 smb:4899 d:s ref:0 ;
in:613 out:615 type:b dur:2 cpbdur:2 q:23.78 aq:20.93 tex:69748 mv:32764 misc:15080 imb:206 pmb:5837 smb:10012 d:s ref:0 ;
in:615 out:616 type:b dur:2 cpbdur:2 q:23.77 aq:20.97 tex:89099 mv:37716 misc:15361 imb:314 pmb:6767 smb:8974 d:- ref:0 ;
in:620 out:617 type:P dur:2 cpbdur:2 q:23.79 aq:16.96 tex:1372349 mv:77321 misc:1562 imb:1226 pmb:14751 smb:78 d:s ref:0 ;
in:618 out:618 type:B dur:2 cpbdur:2 q:23.78 aq:20.21 tex:211707 mv:54568 misc:14877 imb:372 pmb:10172 smb:5511 d:s ref:0 ;
in:617 out:619 type:b dur:2 cpbdur:2 q:23.77 aq:20.90 tex:76229 mv:35413 misc:15062 imb:271 pmb:6120 smb:9664 d:s ref:0 ;
in:619 out:620 type:b dur:2 cpbdur:2 q:23.78 aq:20.88 tex:75336 mv:31975 misc:14929 imb:220 pmb:6067 smb:9768 d:- ref:0 ;
in:624 out:621 type:P dur:2 cpbdur:2 q:23.80 aq:17.07 tex:1208745 mv:76540 misc:1763 imb:1282 pmb:14660 smb:113 d:s ref:0 ;
in:622 out:622 type:B dur:2 cpbdur:2 q:23.79 aq:20.11 tex:192654 mv:54677 misc:15349 imb:422 pmb:9565 smb:6068 d:s ref:0 ;
in:621 out:623 type:b dur:2 cpbdur:2 q:23.79 aq:20.93 tex:68295 mv:32534 misc:14771 imb:240 pmb:5698 smb:10117 d:s ref:0 ;
in:623 out:624 type:b dur:2 cpbdur:2 q:23.79 aq:20.84 tex:63048 mv:30274 misc:14718 imb:202 pmb:5515 smb:10338 d:- ref:0 ;
in:628 out:625 type:P dur:2 cpbdur:2 q:23.79 aq:17.35 tex:1110607 mv:75630 misc:2355 imb:1092 pmb:14772 smb:191 d:s ref:0 ;
in:626 out:626 type:B dur:2 cpbdur:2 q:23.79 aq:19.96 tex:180367 mv:55882 misc:15447 imb:438 pmb:9222 smb:6395 d:s ref:0 ;
in:625 out:627 type:b dur:2 cpbdur:2 q:23.80 aq:20.77 tex:67427 mv:31784 misc:14861 imb:242 pmb:5671 smb:10142 d:s ref:0 ;
in:627 out:628 type:b dur:2 cpbdur:2 q:23.79 aq:20.82 tex:56600 mv:27816 misc:14232 imb:164 pmb:5081 smb:10810 d:- ref:0 ;
in:632 out:629 type:P dur:2 cpbdur:2 q:23.80 aq:17.27 tex:1236358 mv:77709 misc:1741 imb:1116 pmb:14836 smb:103 d:s ref:0 ;
in:630 out:630 type:B dur:2 cpbdur:2 q:23.80 aq:20.09 tex:272776 mv:63168 misc:13432 imb:459 pmb:11363 smb:4233 d:s ref:0 ;
in:629 out:631 type:b dur:2 cpbdur:2 q:23.79 aq:21.19 tex:153435 mv:46228 misc:15449 imb:421 pmb:8785 smb:6849 d:s ref:0 ;
in:631 out:632 type:b dur:2 cpbdur:2 q:23.80 aq:21.07 tex:66022 mv:28938 misc:14712 imb:194 pmb:5524 smb:10337 d:- ref:0 ;
in:636 out:633 type:P dur:2 cpbdur:2 q:23.83 aq:17.68 tex:1001153 mv:75814 misc:2353 imb:1052 pmb:14790 smb:213 d:s ref:0 ;
in:634 out:634 type:B dur:2 cpbdur:2 q:23.81 aq:20.10 tex:191092 mv:55715 misc:15393 imb:355 pmb:9714 smb:5986 d:s ref:0 ;
in:633 out:635 type:b dur:2 cpbdur:2 q:23.81 aq:21.05 tex:64039 mv:30430 misc:14883 imb:154 pmb:5601 smb:10300 d:s ref:0 ;
in:635 out:636 type:b dur:2 cpbdur:2 q:23.82 aq:21.00 tex:61380 mv:28197 misc:14679 imb:184 pmb:5357 smb:10514 d:- ref:0 ;
in:640 out:637 type:P dur:2 cpbdur:2 q:23.84 aq:18.36 tex:802415 mv:75264 misc:3377 imb:1028 pmb:14648 smb:379 d:s ref:0 ;
in:638 out:638 type:B dur:2 cpbdur:2 q:23.83 aq:20.16 tex:205012 mv:56254 misc:15230 imb:367 pmb:10073 smb:5615 d:s ref:0 ;
in:637 out:639 type:b dur:2 cpbdur:2 q:23.83 aq:21.04 tex:67690 mv:30859 misc:15035 imb:193 pmb:5732 smb:10130 d:s ref:0 ;
in:639 out:640 type:b dur:2 cpbdur:2 q:23.84 aq:20.89 tex:61531 mv:28408 misc:14741 imb:163 pmb:5422 smb:10470 d:- ref:0 ;
in:644 out:641 type:P dur:2 cpbdur:2 q:23.82 aq:19.79 tex:491251 mv:71972 misc:7225 imb:1026 pmb:13720 smb:1309 d:s ref:0 ;
in:642 out:642 type:B dur:2 cpbdur:2 q:23.83 aq:20.46 tex:222917 mv:57592 misc:14979 imb:366 pmb:10455 smb:5234 d:s ref:0 ;
in:641 out:643 type:b dur:2 cpbdur:2 q:23.83 aq:21.08 tex:75555 mv:32404 misc:15201 imb:196 pmb:6066 smb:9793 d:s ref:0 ;
in:643 out:644 type:b dur:2 cpbdur:2 q:23.82 aq:21.37 tex:83088 mv:32192 misc:15744 imb:170 pmb:6475 smb:9410 d:- ref:0 ;
in:646 out:645 type:P dur:2 cpbdur:2 q:23.75 aq:21.63 tex:153727 mv:46352 misc:15481 imb:692 pmb:8906 smb:6457 d:s ref:0 ;
in:645 out:646 type:b dur:2 cpbdur:2 q:23.78 aq:21.49 tex:93404 mv:34367 misc:16021 imb:180 pmb:6874 smb:9001 d:s ref:0 ;
